{"/home/travis/build/npmtest/node-npmtest-homebridge-legacy-plugins/test.js":{"path":"/home/travis/build/npmtest/node-npmtest-homebridge-legacy-plugins/test.js","s":{"1":2,"2":2,"3":2,"4":2,"5":2,"6":2,"7":2,"8":1,"9":2,"10":2,"11":1,"12":1,"13":1,"14":1,"15":2,"16":2,"17":2,"18":2,"19":1,"20":1,"21":2,"22":2,"23":2,"24":1,"25":1,"26":1,"27":1,"28":1,"29":1,"30":1,"31":1,"32":1,"33":1,"34":1,"35":1,"36":1,"37":1,"38":1,"39":2,"40":2,"41":1,"42":2,"43":2,"44":1,"45":2,"46":2,"47":1,"48":2,"49":2,"50":1,"51":1,"52":1,"53":1,"54":1},"b":{"1":[2,1,1,1],"2":[1,1,1,1],"3":[1,1],"4":[1,1],"5":[1,1],"6":[1,1],"7":[1,1],"8":[1,1],"9":[1,1],"10":[1,1,1],"11":[1,1],"12":[1,1],"13":[1,1],"14":[1,1],"15":[1,1],"16":[1,1],"17":[1,1]},"f":{"1":2,"2":2,"3":2,"4":2,"5":2,"6":1,"7":1,"8":1,"9":2,"10":2,"11":2,"12":2,"13":1},"fnMap":{"1":{"name":"(anonymous_1)","line":12,"loc":{"start":{"line":12,"column":1},"end":{"line":12,"column":13}}},"2":{"name":"(anonymous_2)","line":19,"loc":{"start":{"line":19,"column":5},"end":{"line":19,"column":17}}},"3":{"name":"(anonymous_3)","line":23,"loc":{"start":{"line":23,"column":24},"end":{"line":23,"column":36}}},"4":{"name":"(anonymous_4)","line":61,"loc":{"start":{"line":61,"column":5},"end":{"line":61,"column":17}}},"5":{"name":"(anonymous_5)","line":82,"loc":{"start":{"line":82,"column":5},"end":{"line":82,"column":17}}},"6":{"name":"(anonymous_6)","line":91,"loc":{"start":{"line":91,"column":77},"end":{"line":94,"column":10}}},"7":{"name":"(anonymous_7)","line":112,"loc":{"start":{"line":112,"column":83},"end":{"line":115,"column":10}},"skip":true},"8":{"name":"(anonymous_8)","line":123,"loc":{"start":{"line":123,"column":77},"end":{"line":126,"column":10}},"skip":true},"9":{"name":"(anonymous_9)","line":139,"loc":{"start":{"line":139,"column":12},"end":{"line":139,"column":40}},"skip":true},"10":{"name":"(anonymous_10)","line":147,"loc":{"start":{"line":147,"column":77},"end":{"line":150,"column":10}},"skip":true},"11":{"name":"(anonymous_11)","line":158,"loc":{"start":{"line":158,"column":83},"end":{"line":161,"column":10}},"skip":true},"12":{"name":"(anonymous_12)","line":169,"loc":{"start":{"line":169,"column":79},"end":{"line":172,"column":10}},"skip":true},"13":{"name":"(anonymous_13)","line":180,"loc":{"start":{"line":180,"column":75},"end":{"line":183,"column":10}},"skip":true}},"statementMap":{"1":{"start":{"line":12,"column":0},"end":{"line":195,"column":5}},"2":{"start":{"line":14,"column":4},"end":{"line":14,"column":14}},"3":{"start":{"line":19,"column":4},"end":{"line":56,"column":9}},"4":{"start":{"line":21,"column":8},"end":{"line":21,"column":19}},"5":{"start":{"line":23,"column":8},"end":{"line":35,"column":13}},"6":{"start":{"line":24,"column":12},"end":{"line":34,"column":13}},"7":{"start":{"line":25,"column":16},"end":{"line":28,"column":30}},"8":{"start":{"line":30,"column":16},"end":{"line":33,"column":27}},"9":{"start":{"line":37,"column":8},"end":{"line":39,"column":21}},"10":{"start":{"line":40,"column":8},"end":{"line":53,"column":9}},"11":{"start":{"line":43,"column":12},"end":{"line":46,"column":14}},"12":{"start":{"line":47,"column":12},"end":{"line":47,"column":18}},"13":{"start":{"line":50,"column":12},"end":{"line":51,"column":46}},"14":{"start":{"line":52,"column":12},"end":{"line":52,"column":18}},"15":{"start":{"line":55,"column":8},"end":{"line":55,"column":35}},"16":{"start":{"line":61,"column":4},"end":{"line":63,"column":9}},"17":{"start":{"line":62,"column":8},"end":{"line":62,"column":15}},"18":{"start":{"line":64,"column":4},"end":{"line":77,"column":5}},"19":{"start":{"line":70,"column":8},"end":{"line":70,"column":14}},"20":{"start":{"line":76,"column":8},"end":{"line":76,"column":14}},"21":{"start":{"line":82,"column":4},"end":{"line":84,"column":9}},"22":{"start":{"line":83,"column":8},"end":{"line":83,"column":15}},"23":{"start":{"line":85,"column":4},"end":{"line":194,"column":5}},"24":{"start":{"line":91,"column":8},"end":{"line":99,"column":10}},"25":{"start":{"line":98,"column":12},"end":{"line":98,"column":35}},"26":{"start":{"line":102,"column":8},"end":{"line":104,"column":63}},"27":{"start":{"line":105,"column":8},"end":{"line":105,"column":14}},"28":{"start":{"line":112,"column":8},"end":{"line":121,"column":10},"skip":true},"29":{"start":{"line":119,"column":12},"end":{"line":119,"column":55},"skip":true},"30":{"start":{"line":120,"column":12},"end":{"line":120,"column":48},"skip":true},"31":{"start":{"line":123,"column":8},"end":{"line":136,"column":10},"skip":true},"32":{"start":{"line":130,"column":12},"end":{"line":130,"column":76},"skip":true},"33":{"start":{"line":131,"column":12},"end":{"line":131,"column":73},"skip":true},"34":{"start":{"line":132,"column":12},"end":{"line":132,"column":74},"skip":true},"35":{"start":{"line":133,"column":12},"end":{"line":133,"column":79},"skip":true},"36":{"start":{"line":134,"column":12},"end":{"line":134,"column":25},"skip":true},"37":{"start":{"line":135,"column":12},"end":{"line":135,"column":45},"skip":true},"38":{"start":{"line":138,"column":8},"end":{"line":145,"column":14},"skip":true},"39":{"start":{"line":143,"column":16},"end":{"line":143,"column":29},"skip":true},"40":{"start":{"line":144,"column":16},"end":{"line":144,"column":55},"skip":true},"41":{"start":{"line":147,"column":8},"end":{"line":156,"column":10},"skip":true},"42":{"start":{"line":154,"column":12},"end":{"line":154,"column":25},"skip":true},"43":{"start":{"line":155,"column":12},"end":{"line":155,"column":45},"skip":true},"44":{"start":{"line":158,"column":8},"end":{"line":167,"column":10},"skip":true},"45":{"start":{"line":165,"column":12},"end":{"line":165,"column":25},"skip":true},"46":{"start":{"line":166,"column":12},"end":{"line":166,"column":48},"skip":true},"47":{"start":{"line":169,"column":8},"end":{"line":178,"column":10},"skip":true},"48":{"start":{"line":176,"column":12},"end":{"line":176,"column":25},"skip":true},"49":{"start":{"line":177,"column":12},"end":{"line":177,"column":46},"skip":true},"50":{"start":{"line":180,"column":8},"end":{"line":189,"column":10},"skip":true},"51":{"start":{"line":187,"column":12},"end":{"line":187,"column":94},"skip":true},"52":{"start":{"line":188,"column":12},"end":{"line":188,"column":48},"skip":true},"53":{"start":{"line":192,"column":8},"end":{"line":192,"column":35},"skip":true},"54":{"start":{"line":193,"column":8},"end":{"line":193,"column":14},"skip":true}},"branchMap":{"1":{"line":25,"type":"binary-expr","locations":[{"start":{"line":25,"column":23},"end":{"line":25,"column":62}},{"start":{"line":26,"column":20},"end":{"line":26,"column":70}},{"start":{"line":27,"column":20},"end":{"line":27,"column":71}},{"start":{"line":28,"column":20},"end":{"line":28,"column":29}}]},"2":{"line":30,"type":"binary-expr","locations":[{"start":{"line":30,"column":23},"end":{"line":30,"column":37}},{"start":{"line":31,"column":20},"end":{"line":31,"column":61}},{"start":{"line":32,"column":20},"end":{"line":32,"column":70}},{"start":{"line":33,"column":20},"end":{"line":33,"column":26}}]},"3":{"line":37,"type":"cond-expr","locations":[{"start":{"line":38,"column":14},"end":{"line":38,"column":20}},{"start":{"line":39,"column":14},"end":{"line":39,"column":20}}]},"4":{"line":40,"type":"switch","locations":[{"start":{"line":42,"column":8},"end":{"line":47,"column":18}},{"start":{"line":49,"column":8},"end":{"line":52,"column":18}}]},"5":{"line":44,"type":"binary-expr","locations":[{"start":{"line":44,"column":16},"end":{"line":44,"column":44}},{"start":{"line":44,"column":48},"end":{"line":44,"column":66}}]},"6":{"line":50,"type":"binary-expr","locations":[{"start":{"line":50,"column":21},"end":{"line":50,"column":49}},{"start":{"line":50,"column":53},"end":{"line":50,"column":72}}]},"7":{"line":64,"type":"switch","locations":[{"start":{"line":69,"column":4},"end":{"line":70,"column":14}},{"start":{"line":75,"column":4},"end":{"line":76,"column":14}}]},"8":{"line":85,"type":"switch","locations":[{"start":{"line":90,"column":4},"end":{"line":105,"column":14}},{"start":{"line":111,"column":4},"end":{"line":193,"column":14},"skip":true}]},"9":{"line":91,"type":"binary-expr","locations":[{"start":{"line":91,"column":42},"end":{"line":91,"column":73}},{"start":{"line":91,"column":77},"end":{"line":99,"column":9}}]},"10":{"line":102,"type":"binary-expr","locations":[{"start":{"line":102,"column":18},"end":{"line":102,"column":32}},{"start":{"line":103,"column":12},"end":{"line":103,"column":53}},{"start":{"line":104,"column":12},"end":{"line":104,"column":61}}]},"11":{"line":112,"type":"binary-expr","locations":[{"start":{"line":112,"column":45},"end":{"line":112,"column":79},"skip":true},{"start":{"line":112,"column":83},"end":{"line":121,"column":9},"skip":true}]},"12":{"line":123,"type":"binary-expr","locations":[{"start":{"line":123,"column":42},"end":{"line":123,"column":73},"skip":true},{"start":{"line":123,"column":77},"end":{"line":136,"column":9},"skip":true}]},"13":{"line":138,"type":"binary-expr","locations":[{"start":{"line":138,"column":48},"end":{"line":138,"column":85},"skip":true},{"start":{"line":139,"column":12},"end":{"line":145,"column":13},"skip":true}]},"14":{"line":147,"type":"binary-expr","locations":[{"start":{"line":147,"column":42},"end":{"line":147,"column":73},"skip":true},{"start":{"line":147,"column":77},"end":{"line":156,"column":9},"skip":true}]},"15":{"line":158,"type":"binary-expr","locations":[{"start":{"line":158,"column":45},"end":{"line":158,"column":79},"skip":true},{"start":{"line":158,"column":83},"end":{"line":167,"column":9},"skip":true}]},"16":{"line":169,"type":"binary-expr","locations":[{"start":{"line":169,"column":43},"end":{"line":169,"column":75},"skip":true},{"start":{"line":169,"column":79},"end":{"line":178,"column":9},"skip":true}]},"17":{"line":180,"type":"binary-expr","locations":[{"start":{"line":180,"column":41},"end":{"line":180,"column":71},"skip":true},{"start":{"line":180,"column":75},"end":{"line":189,"column":9},"skip":true}]}},"code":["/* istanbul instrument in package npmtest_homebridge_legacy_plugins */","/*jslint","    bitwise: true,","    browser: true,","    maxerr: 8,","    maxlen: 96,","    node: true,","    nomen: true,","    regexp: true,","    stupid: true","*/","(function () {","    'use strict';","    var local;","","","","    // run shared js-env code - pre-init","    (function () {","        // init local","        local = {};","        // init modeJs","        local.modeJs = (function () {","            try {","                return typeof navigator.userAgent === 'string' &&","                    typeof document.querySelector('body') === 'object' &&","                    typeof XMLHttpRequest.prototype.open === 'function' &&","                    'browser';","            } catch (errorCaughtBrowser) {","                return module.exports &&","                    typeof process.versions.node === 'string' &&","                    typeof require('http').createServer === 'function' &&","                    'node';","            }","        }());","        // init global","        local.global = local.modeJs === 'browser'","            ? window","            : global;","        switch (local.modeJs) {","        // re-init local from window.local","        case 'browser':","            local = local.global.utility2.objectSetDefault(","                local.global.utility2_rollup || local.global.local,","                local.global.utility2","            );","            break;","        // re-init local from example.js","        case 'node':","            local = (local.global.utility2_rollup || require('utility2'))","                .requireExampleJsFromReadme();","            break;","        }","        // export local","        local.global.local = local;","    }());","","","","    // run shared js-env code - function","    (function () {","        return;","    }());","    switch (local.modeJs) {","","","","    // run browser js-env code - function","    case 'browser':","        break;","","","","    // run node js-env code - function","    case 'node':","        break;","    }","","","","    // run shared js-env code - post-init","    (function () {","        return;","    }());","    switch (local.modeJs) {","","","","    // run browser js-env code - post-init","    case 'browser':","        local.testCase_browser_nullCase = local.testCase_browser_nullCase || function (","            options,","            onError","        ) {","        /*","         * this function will test browsers's null-case handling-behavior-behavior","         */","            onError(null, options);","        };","","        // run tests","        local.nop(local.modeTest &&","            document.querySelector('#testRunButton1') &&","            document.querySelector('#testRunButton1').click());","        break;","","","","    // run node js-env code - post-init","    /* istanbul ignore next */","    case 'node':","        local.testCase_buildApidoc_default = local.testCase_buildApidoc_default || function (","            options,","            onError","        ) {","        /*","         * this function will test buildApidoc's default handling-behavior-behavior","         */","            options = { modulePathList: module.paths };","            local.buildApidoc(options, onError);","        };","","        local.testCase_buildApp_default = local.testCase_buildApp_default || function (","            options,","            onError","        ) {","        /*","         * this function will test buildApp's default handling-behavior-behavior","         */","            local.testCase_buildReadme_default(options, local.onErrorThrow);","            local.testCase_buildLib_default(options, local.onErrorThrow);","            local.testCase_buildTest_default(options, local.onErrorThrow);","            local.testCase_buildCustomOrg_default(options, local.onErrorThrow);","            options = [];","            local.buildApp(options, onError);","        };","","        local.testCase_buildCustomOrg_default = local.testCase_buildCustomOrg_default ||","            function (options, onError) {","            /*","             * this function will test buildCustomOrg's default handling-behavior","             */","                options = {};","                local.buildCustomOrg(options, onError);","            };","","        local.testCase_buildLib_default = local.testCase_buildLib_default || function (","            options,","            onError","        ) {","        /*","         * this function will test buildLib's default handling-behavior","         */","            options = {};","            local.buildLib(options, onError);","        };","","        local.testCase_buildReadme_default = local.testCase_buildReadme_default || function (","            options,","            onError","        ) {","        /*","         * this function will test buildReadme's default handling-behavior-behavior","         */","            options = {};","            local.buildReadme(options, onError);","        };","","        local.testCase_buildTest_default = local.testCase_buildTest_default || function (","            options,","            onError","        ) {","        /*","         * this function will test buildTest's default handling-behavior","         */","            options = {};","            local.buildTest(options, onError);","        };","","        local.testCase_webpage_default = local.testCase_webpage_default || function (","            options,","            onError","        ) {","        /*","         * this function will test webpage's default handling-behavior","         */","            options = { modeCoverageMerge: true, url: local.serverLocalHost + '?modeTest=1' };","            local.browserTest(options, onError);","        };","","        // run test-server","        local.testRunServer(local);","        break;","    }","}());",""],"l":{"12":2,"14":2,"19":2,"21":2,"23":2,"24":2,"25":2,"30":1,"37":2,"40":2,"43":1,"47":1,"50":1,"52":1,"55":2,"61":2,"62":2,"64":2,"70":1,"76":1,"82":2,"83":2,"85":2,"91":1,"98":1,"102":1,"105":1,"112":1,"119":1,"120":1,"123":1,"130":1,"131":1,"132":1,"133":1,"134":1,"135":1,"138":1,"143":2,"144":2,"147":1,"154":2,"155":2,"158":1,"165":2,"166":2,"169":1,"176":2,"177":2,"180":1,"187":1,"188":1,"192":1,"193":1}},"/home/travis/build/npmtest/node-npmtest-homebridge-legacy-plugins/lib.npmtest_homebridge_legacy_plugins.js":{"path":"/home/travis/build/npmtest/node-npmtest-homebridge-legacy-plugins/lib.npmtest_homebridge_legacy_plugins.js","s":{"1":2,"2":2,"3":2,"4":2,"5":2,"6":2,"7":2,"8":1,"9":2,"10":2,"11":2,"12":2,"13":1,"14":1,"15":1,"16":1},"b":{"1":[2,1,1,1],"2":[1,1,1,1],"3":[1,1],"4":[2,2],"5":[1,1]},"f":{"1":2,"2":2,"3":2},"fnMap":{"1":{"name":"(anonymous_1)","line":12,"loc":{"start":{"line":12,"column":1},"end":{"line":12,"column":13}}},"2":{"name":"(anonymous_2)","line":19,"loc":{"start":{"line":19,"column":5},"end":{"line":19,"column":17}}},"3":{"name":"(anonymous_3)","line":23,"loc":{"start":{"line":23,"column":24},"end":{"line":23,"column":36}}}},"statementMap":{"1":{"start":{"line":12,"column":0},"end":{"line":53,"column":5}},"2":{"start":{"line":14,"column":4},"end":{"line":14,"column":14}},"3":{"start":{"line":19,"column":4},"end":{"line":52,"column":9}},"4":{"start":{"line":21,"column":8},"end":{"line":21,"column":19}},"5":{"start":{"line":23,"column":8},"end":{"line":35,"column":13}},"6":{"start":{"line":24,"column":12},"end":{"line":34,"column":13}},"7":{"start":{"line":25,"column":16},"end":{"line":28,"column":30}},"8":{"start":{"line":30,"column":16},"end":{"line":33,"column":27}},"9":{"start":{"line":37,"column":8},"end":{"line":39,"column":21}},"10":{"start":{"line":41,"column":8},"end":{"line":41,"column":54}},"11":{"start":{"line":43,"column":8},"end":{"line":43,"column":70}},"12":{"start":{"line":45,"column":8},"end":{"line":51,"column":9}},"13":{"start":{"line":46,"column":12},"end":{"line":46,"column":76}},"14":{"start":{"line":48,"column":12},"end":{"line":48,"column":35}},"15":{"start":{"line":49,"column":12},"end":{"line":49,"column":49}},"16":{"start":{"line":50,"column":12},"end":{"line":50,"column":43}}},"branchMap":{"1":{"line":25,"type":"binary-expr","locations":[{"start":{"line":25,"column":23},"end":{"line":25,"column":62}},{"start":{"line":26,"column":20},"end":{"line":26,"column":70}},{"start":{"line":27,"column":20},"end":{"line":27,"column":71}},{"start":{"line":28,"column":20},"end":{"line":28,"column":29}}]},"2":{"line":30,"type":"binary-expr","locations":[{"start":{"line":30,"column":23},"end":{"line":30,"column":37}},{"start":{"line":31,"column":20},"end":{"line":31,"column":61}},{"start":{"line":32,"column":20},"end":{"line":32,"column":70}},{"start":{"line":33,"column":20},"end":{"line":33,"column":26}}]},"3":{"line":37,"type":"cond-expr","locations":[{"start":{"line":38,"column":14},"end":{"line":38,"column":20}},{"start":{"line":39,"column":14},"end":{"line":39,"column":20}}]},"4":{"line":41,"type":"binary-expr","locations":[{"start":{"line":41,"column":16},"end":{"line":41,"column":44}},{"start":{"line":41,"column":48},"end":{"line":41,"column":53}}]},"5":{"line":45,"type":"if","locations":[{"start":{"line":45,"column":8},"end":{"line":45,"column":8}},{"start":{"line":45,"column":8},"end":{"line":45,"column":8}}]}},"code":["/* istanbul instrument in package npmtest_homebridge_legacy_plugins */","/*jslint","    bitwise: true,","    browser: true,","    maxerr: 8,","    maxlen: 96,","    node: true,","    nomen: true,","    regexp: true,","    stupid: true","*/","(function () {","    'use strict';","    var local;","","","","    // run shared js-env code - pre-init","    (function () {","        // init local","        local = {};","        // init modeJs","        local.modeJs = (function () {","            try {","                return typeof navigator.userAgent === 'string' &&","                    typeof document.querySelector('body') === 'object' &&","                    typeof XMLHttpRequest.prototype.open === 'function' &&","                    'browser';","            } catch (errorCaughtBrowser) {","                return module.exports &&","                    typeof process.versions.node === 'string' &&","                    typeof require('http').createServer === 'function' &&","                    'node';","            }","        }());","        // init global","        local.global = local.modeJs === 'browser'","            ? window","            : global;","        // init utility2_rollup","        local = local.global.utility2_rollup || local;","        // init lib","        local.local = local.npmtest_homebridge_legacy_plugins = local;","        // init exports","        if (local.modeJs === 'browser') {","            local.global.utility2_npmtest_homebridge_legacy_plugins = local;","        } else {","            module.exports = local;","            module.exports.__dirname = __dirname;","            module.exports.module = module;","        }","    }());","}());",""],"l":{"12":2,"14":2,"19":2,"21":2,"23":2,"24":2,"25":2,"30":1,"37":2,"41":2,"43":2,"45":2,"46":1,"48":1,"49":1,"50":1}},"/home/travis/build/npmtest/node-npmtest-homebridge-legacy-plugins/example.js":{"path":"/home/travis/build/npmtest/node-npmtest-homebridge-legacy-plugins/example.js","s":{"1":2,"2":2,"3":2,"4":2,"5":2,"6":2,"7":2,"8":1,"9":2,"10":2,"11":2,"12":2,"13":1,"14":2,"15":2,"16":2,"17":2,"18":2,"19":0,"20":2,"21":1,"22":1,"23":1,"24":1,"25":1,"26":0,"27":0,"28":1,"29":1,"30":2,"31":0,"32":0,"33":0,"34":1,"35":2,"36":2,"37":3,"38":3,"39":3,"40":3,"41":0,"42":3,"43":3,"44":3,"45":1,"46":3,"47":1,"48":1,"49":1,"50":1,"51":1,"52":1,"53":1,"54":1,"55":1,"56":1,"57":0,"58":1,"59":6,"60":6,"61":1,"62":2,"63":0,"64":2,"65":1,"66":1,"67":0,"68":0,"69":0,"70":0,"71":0,"72":0,"73":0,"74":0,"75":0,"76":0,"77":0,"78":0,"79":0,"80":0,"81":0,"82":0,"83":0},"b":{"1":[2,1,1,1],"2":[1,1,1,1],"3":[1,1],"4":[2,2],"5":[1,1],"6":[1,1],"7":[2,0],"8":[2,1,1,1,1,1],"9":[0,2,0],"10":[1,1],"11":[2,1,1],"12":[1,0],"13":[0,2],"14":[2,0,0,0,0,0,0],"15":[0,3],"16":[3,0],"17":[1,1],"18":[0,1],"19":[1,2,0,2],"20":[1,0],"21":[1,1],"22":[0,0],"23":[0,0],"24":[0,0],"25":[0,0],"26":[0,0],"27":[0,0],"28":[0,0]},"f":{"1":2,"2":2,"3":2,"4":2,"5":2,"6":2,"7":3,"8":3,"9":3,"10":1,"11":6,"12":0},"fnMap":{"1":{"name":"(anonymous_1)","line":26,"loc":{"start":{"line":26,"column":1},"end":{"line":26,"column":13}}},"2":{"name":"(anonymous_2)","line":33,"loc":{"start":{"line":33,"column":5},"end":{"line":33,"column":17}}},"3":{"name":"(anonymous_3)","line":37,"loc":{"start":{"line":37,"column":24},"end":{"line":37,"column":36}}},"4":{"name":"(anonymous_4)","line":69,"loc":{"start":{"line":69,"column":31},"end":{"line":69,"column":48}},"skip":true},"5":{"name":"(anonymous_5)","line":78,"loc":{"start":{"line":78,"column":26},"end":{"line":78,"column":45}},"skip":true},"6":{"name":"(anonymous_6)","line":123,"loc":{"start":{"line":123,"column":33},"end":{"line":123,"column":48}},"skip":true},"7":{"name":"(anonymous_7)","line":125,"loc":{"start":{"line":125,"column":27},"end":{"line":125,"column":39}},"skip":true},"8":{"name":"(anonymous_8)","line":133,"loc":{"start":{"line":133,"column":59},"end":{"line":133,"column":74}},"skip":true},"9":{"name":"(anonymous_9)","line":143,"loc":{"start":{"line":143,"column":45},"end":{"line":143,"column":62}},"skip":true},"10":{"name":"(anonymous_10)","line":144,"loc":{"start":{"line":144,"column":73},"end":{"line":144,"column":92}},"skip":true},"11":{"name":"(anonymous_11)","line":272,"loc":{"start":{"line":272,"column":51},"end":{"line":272,"column":77}},"skip":true},"12":{"name":"(anonymous_12)","line":315,"loc":{"start":{"line":315,"column":32},"end":{"line":315,"column":61}},"skip":true}},"statementMap":{"1":{"start":{"line":26,"column":0},"end":{"line":326,"column":5}},"2":{"start":{"line":28,"column":4},"end":{"line":28,"column":14}},"3":{"start":{"line":33,"column":4},"end":{"line":60,"column":9}},"4":{"start":{"line":35,"column":8},"end":{"line":35,"column":19}},"5":{"start":{"line":37,"column":8},"end":{"line":49,"column":13}},"6":{"start":{"line":38,"column":12},"end":{"line":48,"column":13}},"7":{"start":{"line":39,"column":16},"end":{"line":42,"column":30}},"8":{"start":{"line":44,"column":16},"end":{"line":47,"column":27}},"9":{"start":{"line":51,"column":8},"end":{"line":53,"column":21}},"10":{"start":{"line":55,"column":8},"end":{"line":57,"column":45}},"11":{"start":{"line":59,"column":8},"end":{"line":59,"column":35}},"12":{"start":{"line":61,"column":4},"end":{"line":325,"column":5}},"13":{"start":{"line":69,"column":8},"end":{"line":121,"column":10},"skip":true},"14":{"start":{"line":70,"column":12},"end":{"line":88,"column":13},"skip":true},"15":{"start":{"line":76,"column":16},"end":{"line":87,"column":19},"skip":true},"16":{"start":{"line":79,"column":20},"end":{"line":86,"column":21},"skip":true},"17":{"start":{"line":82,"column":24},"end":{"line":82,"column":43},"skip":true},"18":{"start":{"line":83,"column":24},"end":{"line":83,"column":30},"skip":true},"19":{"start":{"line":85,"column":24},"end":{"line":85,"column":49},"skip":true},"20":{"start":{"line":89,"column":12},"end":{"line":107,"column":13},"skip":true},"21":{"start":{"line":92,"column":16},"end":{"line":102,"column":17},"skip":true},"22":{"start":{"line":93,"column":20},"end":{"line":93,"column":86},"skip":true},"23":{"start":{"line":94,"column":20},"end":{"line":95,"column":45},"skip":true},"24":{"start":{"line":96,"column":20},"end":{"line":96,"column":42},"skip":true},"25":{"start":{"line":97,"column":20},"end":{"line":97,"column":48},"skip":true},"26":{"start":{"line":100,"column":20},"end":{"line":100,"column":85},"skip":true},"27":{"start":{"line":101,"column":20},"end":{"line":101,"column":96},"skip":true},"28":{"start":{"line":103,"column":16},"end":{"line":103,"column":22},"skip":true},"29":{"start":{"line":106,"column":16},"end":{"line":106,"column":22},"skip":true},"30":{"start":{"line":108,"column":12},"end":{"line":120,"column":13},"skip":true},"31":{"start":{"line":114,"column":16},"end":{"line":119,"column":17},"skip":true},"32":{"start":{"line":116,"column":20},"end":{"line":116,"column":78},"skip":true},"33":{"start":{"line":118,"column":20},"end":{"line":118,"column":47},"skip":true},"34":{"start":{"line":123,"column":8},"end":{"line":141,"column":11},"skip":true},"35":{"start":{"line":124,"column":12},"end":{"line":124,"column":54},"skip":true},"36":{"start":{"line":125,"column":12},"end":{"line":140,"column":14},"skip":true},"37":{"start":{"line":126,"column":16},"end":{"line":126,"column":28},"skip":true},"38":{"start":{"line":127,"column":16},"end":{"line":127,"column":69},"skip":true},"39":{"start":{"line":128,"column":16},"end":{"line":128,"column":75},"skip":true},"40":{"start":{"line":129,"column":16},"end":{"line":131,"column":17},"skip":true},"41":{"start":{"line":130,"column":20},"end":{"line":130,"column":27},"skip":true},"42":{"start":{"line":133,"column":16},"end":{"line":137,"column":36},"skip":true},"43":{"start":{"line":134,"column":20},"end":{"line":136,"column":55},"skip":true},"44":{"start":{"line":139,"column":16},"end":{"line":139,"column":57},"skip":true},"45":{"start":{"line":143,"column":8},"end":{"line":147,"column":11},"skip":true},"46":{"start":{"line":144,"column":12},"end":{"line":146,"column":15},"skip":true},"47":{"start":{"line":145,"column":16},"end":{"line":145,"column":70},"skip":true},"48":{"start":{"line":149,"column":8},"end":{"line":149,"column":31},"skip":true},"49":{"start":{"line":150,"column":8},"end":{"line":150,"column":14},"skip":true},"50":{"start":{"line":158,"column":8},"end":{"line":158,"column":31},"skip":true},"51":{"start":{"line":160,"column":8},"end":{"line":160,"column":33},"skip":true},"52":{"start":{"line":161,"column":8},"end":{"line":161,"column":37},"skip":true},"53":{"start":{"line":162,"column":8},"end":{"line":162,"column":35},"skip":true},"54":{"start":{"line":164,"column":8},"end":{"line":164,"column":50},"skip":true},"55":{"start":{"line":166,"column":8},"end":{"line":256,"column":2},"skip":true},"56":{"start":{"line":258,"column":8},"end":{"line":286,"column":9},"skip":true},"57":{"start":{"line":259,"column":12},"end":{"line":269,"column":14},"skip":true},"58":{"start":{"line":271,"column":12},"end":{"line":285,"column":19},"skip":true},"59":{"start":{"line":274,"column":20},"end":{"line":274,"column":35},"skip":true},"60":{"start":{"line":275,"column":20},"end":{"line":284,"column":21},"skip":true},"61":{"start":{"line":277,"column":24},"end":{"line":277,"column":64},"skip":true},"62":{"start":{"line":279,"column":24},"end":{"line":279,"column":40},"skip":true},"63":{"start":{"line":281,"column":24},"end":{"line":281,"column":40},"skip":true},"64":{"start":{"line":283,"column":24},"end":{"line":283,"column":39},"skip":true},"65":{"start":{"line":288,"column":8},"end":{"line":290,"column":9},"skip":true},"66":{"start":{"line":289,"column":12},"end":{"line":289,"column":18},"skip":true},"67":{"start":{"line":291,"column":8},"end":{"line":293,"column":54},"skip":true},"68":{"start":{"line":296,"column":8},"end":{"line":301,"column":37},"skip":true},"69":{"start":{"line":303,"column":8},"end":{"line":303,"column":82},"skip":true},"70":{"start":{"line":306,"column":8},"end":{"line":308,"column":9},"skip":true},"71":{"start":{"line":307,"column":12},"end":{"line":307,"column":82},"skip":true},"72":{"start":{"line":310,"column":8},"end":{"line":312,"column":9},"skip":true},"73":{"start":{"line":311,"column":12},"end":{"line":311,"column":18},"skip":true},"74":{"start":{"line":313,"column":8},"end":{"line":313,"column":54},"skip":true},"75":{"start":{"line":314,"column":8},"end":{"line":314,"column":69},"skip":true},"76":{"start":{"line":315,"column":8},"end":{"line":323,"column":36},"skip":true},"77":{"start":{"line":316,"column":12},"end":{"line":316,"column":61},"skip":true},"78":{"start":{"line":317,"column":12},"end":{"line":320,"column":13},"skip":true},"79":{"start":{"line":318,"column":16},"end":{"line":318,"column":75},"skip":true},"80":{"start":{"line":319,"column":16},"end":{"line":319,"column":23},"skip":true},"81":{"start":{"line":321,"column":12},"end":{"line":321,"column":38},"skip":true},"82":{"start":{"line":322,"column":12},"end":{"line":322,"column":27},"skip":true},"83":{"start":{"line":324,"column":8},"end":{"line":324,"column":14},"skip":true}},"branchMap":{"1":{"line":39,"type":"binary-expr","locations":[{"start":{"line":39,"column":23},"end":{"line":39,"column":62}},{"start":{"line":40,"column":20},"end":{"line":40,"column":70}},{"start":{"line":41,"column":20},"end":{"line":41,"column":71}},{"start":{"line":42,"column":20},"end":{"line":42,"column":29}}]},"2":{"line":44,"type":"binary-expr","locations":[{"start":{"line":44,"column":23},"end":{"line":44,"column":37}},{"start":{"line":45,"column":20},"end":{"line":45,"column":61}},{"start":{"line":46,"column":20},"end":{"line":46,"column":70}},{"start":{"line":47,"column":20},"end":{"line":47,"column":26}}]},"3":{"line":51,"type":"cond-expr","locations":[{"start":{"line":52,"column":14},"end":{"line":52,"column":20}},{"start":{"line":53,"column":14},"end":{"line":53,"column":20}}]},"4":{"line":55,"type":"binary-expr","locations":[{"start":{"line":55,"column":16},"end":{"line":55,"column":44}},{"start":{"line":55,"column":49},"end":{"line":57,"column":43}}]},"5":{"line":55,"type":"cond-expr","locations":[{"start":{"line":56,"column":14},"end":{"line":56,"column":69}},{"start":{"line":57,"column":14},"end":{"line":57,"column":43}}]},"6":{"line":61,"type":"switch","locations":[{"start":{"line":68,"column":4},"end":{"line":150,"column":14},"skip":true},{"start":{"line":156,"column":4},"end":{"line":324,"column":14},"skip":true}]},"7":{"line":70,"type":"if","locations":[{"start":{"line":70,"column":12},"end":{"line":70,"column":12},"skip":true},{"start":{"line":70,"column":12},"end":{"line":70,"column":12},"skip":true}]},"8":{"line":70,"type":"binary-expr","locations":[{"start":{"line":70,"column":16},"end":{"line":70,"column":22},"skip":true},{"start":{"line":70,"column":27},"end":{"line":70,"column":32},"skip":true},{"start":{"line":71,"column":20},"end":{"line":71,"column":39},"skip":true},{"start":{"line":72,"column":20},"end":{"line":72,"column":49},"skip":true},{"start":{"line":73,"column":20},"end":{"line":73,"column":58},"skip":true},{"start":{"line":74,"column":20},"end":{"line":74,"column":69},"skip":true}]},"9":{"line":79,"type":"switch","locations":[{"start":{"line":80,"column":20},"end":{"line":80,"column":33},"skip":true},{"start":{"line":81,"column":20},"end":{"line":83,"column":30},"skip":true},{"start":{"line":84,"column":20},"end":{"line":85,"column":49},"skip":true}]},"10":{"line":89,"type":"switch","locations":[{"start":{"line":90,"column":12},"end":{"line":103,"column":22},"skip":true},{"start":{"line":105,"column":12},"end":{"line":106,"column":22},"skip":true}]},"11":{"line":89,"type":"binary-expr","locations":[{"start":{"line":89,"column":20},"end":{"line":89,"column":25},"skip":true},{"start":{"line":89,"column":29},"end":{"line":89,"column":48},"skip":true},{"start":{"line":89,"column":52},"end":{"line":89,"column":74},"skip":true}]},"12":{"line":92,"type":"if","locations":[{"start":{"line":92,"column":16},"end":{"line":92,"column":16},"skip":true},{"start":{"line":92,"column":16},"end":{"line":92,"column":16},"skip":true}]},"13":{"line":108,"type":"if","locations":[{"start":{"line":108,"column":12},"end":{"line":108,"column":12},"skip":true},{"start":{"line":108,"column":12},"end":{"line":108,"column":12},"skip":true}]},"14":{"line":108,"type":"binary-expr","locations":[{"start":{"line":108,"column":16},"end":{"line":108,"column":61},"skip":true},{"start":{"line":108,"column":66},"end":{"line":108,"column":72},"skip":true},{"start":{"line":108,"column":77},"end":{"line":108,"column":82},"skip":true},{"start":{"line":109,"column":20},"end":{"line":109,"column":39},"skip":true},{"start":{"line":110,"column":20},"end":{"line":110,"column":49},"skip":true},{"start":{"line":111,"column":20},"end":{"line":111,"column":58},"skip":true},{"start":{"line":112,"column":20},"end":{"line":112,"column":68},"skip":true}]},"15":{"line":129,"type":"if","locations":[{"start":{"line":129,"column":16},"end":{"line":129,"column":16},"skip":true},{"start":{"line":129,"column":16},"end":{"line":129,"column":16},"skip":true}]},"16":{"line":134,"type":"cond-expr","locations":[{"start":{"line":135,"column":26},"end":{"line":135,"column":29},"skip":true},{"start":{"line":136,"column":26},"end":{"line":136,"column":54},"skip":true}]},"17":{"line":164,"type":"binary-expr","locations":[{"start":{"line":164,"column":27},"end":{"line":164,"column":43},"skip":true},{"start":{"line":164,"column":47},"end":{"line":164,"column":49},"skip":true}]},"18":{"line":258,"type":"if","locations":[{"start":{"line":258,"column":8},"end":{"line":258,"column":8},"skip":true},{"start":{"line":258,"column":8},"end":{"line":258,"column":8},"skip":true}]},"19":{"line":275,"type":"switch","locations":[{"start":{"line":276,"column":20},"end":{"line":277,"column":64},"skip":true},{"start":{"line":278,"column":20},"end":{"line":279,"column":40},"skip":true},{"start":{"line":280,"column":20},"end":{"line":281,"column":40},"skip":true},{"start":{"line":282,"column":20},"end":{"line":283,"column":39},"skip":true}]},"20":{"line":288,"type":"if","locations":[{"start":{"line":288,"column":8},"end":{"line":288,"column":8},"skip":true},{"start":{"line":288,"column":8},"end":{"line":288,"column":8},"skip":true}]},"21":{"line":288,"type":"binary-expr","locations":[{"start":{"line":288,"column":12},"end":{"line":288,"column":40},"skip":true},{"start":{"line":288,"column":44},"end":{"line":288,"column":67},"skip":true}]},"22":{"line":292,"type":"binary-expr","locations":[{"start":{"line":292,"column":12},"end":{"line":292,"column":50},"skip":true},{"start":{"line":293,"column":12},"end":{"line":293,"column":53},"skip":true}]},"23":{"line":297,"type":"binary-expr","locations":[{"start":{"line":297,"column":12},"end":{"line":297,"column":83},"skip":true},{"start":{"line":298,"column":12},"end":{"line":301,"column":36},"skip":true}]},"24":{"line":303,"type":"binary-expr","locations":[{"start":{"line":303,"column":43},"end":{"line":303,"column":75},"skip":true},{"start":{"line":303,"column":79},"end":{"line":303,"column":81},"skip":true}]},"25":{"line":306,"type":"if","locations":[{"start":{"line":306,"column":8},"end":{"line":306,"column":8},"skip":true},{"start":{"line":306,"column":8},"end":{"line":306,"column":8},"skip":true}]},"26":{"line":310,"type":"if","locations":[{"start":{"line":310,"column":8},"end":{"line":310,"column":8},"skip":true},{"start":{"line":310,"column":8},"end":{"line":310,"column":8},"skip":true}]},"27":{"line":313,"type":"binary-expr","locations":[{"start":{"line":313,"column":27},"end":{"line":313,"column":43},"skip":true},{"start":{"line":313,"column":47},"end":{"line":313,"column":53},"skip":true}]},"28":{"line":317,"type":"if","locations":[{"start":{"line":317,"column":12},"end":{"line":317,"column":12},"skip":true},{"start":{"line":317,"column":12},"end":{"line":317,"column":12},"skip":true}]}},"code":["/*","example.js","","quickstart example","","instruction","    1. save this script as example.js","    2. run the shell command:","        $ npm install npmtest-homebridge-legacy-plugins && PORT=8081 node example.js","    3. play with the browser-demo on http://127.0.0.1:8081","*/","","","","/* istanbul instrument in package npmtest_homebridge_legacy_plugins */","/*jslint","    bitwise: true,","    browser: true,","    maxerr: 8,","    maxlen: 96,","    node: true,","    nomen: true,","    regexp: true,","    stupid: true","*/","(function () {","    'use strict';","    var local;","","","","    // run shared js-env code - pre-init","    (function () {","        // init local","        local = {};","        // init modeJs","        local.modeJs = (function () {","            try {","                return typeof navigator.userAgent === 'string' &&","                    typeof document.querySelector('body') === 'object' &&","                    typeof XMLHttpRequest.prototype.open === 'function' &&","                    'browser';","            } catch (errorCaughtBrowser) {","                return module.exports &&","                    typeof process.versions.node === 'string' &&","                    typeof require('http').createServer === 'function' &&","                    'node';","            }","        }());","        // init global","        local.global = local.modeJs === 'browser'","            ? window","            : global;","        // init utility2_rollup","        local = local.global.utility2_rollup || (local.modeJs === 'browser'","            ? local.global.utility2_npmtest_homebridge_legacy_plugins","            : global.utility2_moduleExports);","        // export local","        local.global.local = local;","    }());","    switch (local.modeJs) {","","","","    // post-init","    // run browser js-env code - post-init","    /* istanbul ignore next */","    case 'browser':","        local.testRunBrowser = function (event) {","            if (!event || (event &&","                    event.currentTarget &&","                    event.currentTarget.className &&","                    event.currentTarget.className.includes &&","                    event.currentTarget.className.includes('onreset'))) {","                // reset output","                Array.from(","                    document.querySelectorAll('body > .resettable')","                ).forEach(function (element) {","                    switch (element.tagName) {","                    case 'INPUT':","                    case 'TEXTAREA':","                        element.value = '';","                        break;","                    default:","                        element.textContent = '';","                    }","                });","            }","            switch (event && event.currentTarget && event.currentTarget.id) {","            case 'testRunButton1':","                // show tests","                if (document.querySelector('#testReportDiv1').style.display === 'none') {","                    document.querySelector('#testReportDiv1').style.display = 'block';","                    document.querySelector('#testRunButton1').textContent =","                        'hide internal test';","                    local.modeTest = true;","                    local.testRunDefault(local);","                // hide tests","                } else {","                    document.querySelector('#testReportDiv1').style.display = 'none';","                    document.querySelector('#testRunButton1').textContent = 'run internal test';","                }","                break;","            // custom-case","            default:","                break;","            }","            if (document.querySelector('#inputTextareaEval1') && (!event || (event &&","                    event.currentTarget &&","                    event.currentTarget.className &&","                    event.currentTarget.className.includes &&","                    event.currentTarget.className.includes('oneval')))) {","                // try to eval input-code","                try {","                    /*jslint evil: true*/","                    eval(document.querySelector('#inputTextareaEval1').value);","                } catch (errorCaught) {","                    console.error(errorCaught);","                }","            }","        };","        // log stderr and stdout to #outputTextareaStdout1","        ['error', 'log'].forEach(function (key) {","            console[key + '_original'] = console[key];","            console[key] = function () {","                var element;","                console[key + '_original'].apply(console, arguments);","                element = document.querySelector('#outputTextareaStdout1');","                if (!element) {","                    return;","                }","                // append text to #outputTextareaStdout1","                element.value += Array.from(arguments).map(function (arg) {","                    return typeof arg === 'string'","                        ? arg","                        : JSON.stringify(arg, null, 4);","                }).join(' ') + '\\n';","                // scroll textarea to bottom","                element.scrollTop = element.scrollHeight;","            };","        });","        // init event-handling","        ['change', 'click', 'keyup'].forEach(function (event) {","            Array.from(document.querySelectorAll('.on' + event)).forEach(function (element) {","                element.addEventListener(event, local.testRunBrowser);","            });","        });","        // run tests","        local.testRunBrowser();","        break;","","","","    // run node js-env code - post-init","    /* istanbul ignore next */","    case 'node':","        // export local","        module.exports = local;","        // require modules","        local.fs = require('fs');","        local.http = require('http');","        local.url = require('url');","        // init assets","        local.assetsDict = local.assetsDict || {};","        /* jslint-ignore-begin */","        local.assetsDict['/assets.index.template.html'] = '\\","<!doctype html>\\n\\","<html lang=\"en\">\\n\\","<head>\\n\\","<meta charset=\"UTF-8\">\\n\\","<meta name=\"viewport\" content=\"width=device-width, initial-scale=1\">\\n\\","<title>{{env.npm_package_name}} (v{{env.npm_package_version}})</title>\\n\\","<style>\\n\\","/*csslint\\n\\","    box-sizing: false,\\n\\","    universal-selector: false\\n\\","*/\\n\\","* {\\n\\","    box-sizing: border-box;\\n\\","}\\n\\","body {\\n\\","    background: #dde;\\n\\","    font-family: Arial, Helvetica, sans-serif;\\n\\","    margin: 2rem;\\n\\","}\\n\\","body > * {\\n\\","    margin-bottom: 1rem;\\n\\","}\\n\\",".utility2FooterDiv {\\n\\","    margin-top: 20px;\\n\\","    text-align: center;\\n\\","}\\n\\","</style>\\n\\","<style>\\n\\","/*csslint\\n\\","*/\\n\\","textarea {\\n\\","    font-family: monospace;\\n\\","    height: 10rem;\\n\\","    width: 100%;\\n\\","}\\n\\","textarea[readonly] {\\n\\","    background: #ddd;\\n\\","}\\n\\","</style>\\n\\","</head>\\n\\","<body>\\n\\","<!-- utility2-comment\\n\\","<div id=\"ajaxProgressDiv1\" style=\"background: #d00; height: 2px; left: 0; margin: 0; padding: 0; position: fixed; top: 0; transition: background 0.5s, width 1.5s; width: 25%;\"></div>\\n\\","utility2-comment -->\\n\\","<h1>\\n\\","<!-- utility2-comment\\n\\","    <a\\n\\","        {{#if env.npm_package_homepage}}\\n\\","        href=\"{{env.npm_package_homepage}}\"\\n\\","        {{/if env.npm_package_homepage}}\\n\\","        target=\"_blank\"\\n\\","    >\\n\\","utility2-comment -->\\n\\","        {{env.npm_package_name}} (v{{env.npm_package_version}})\\n\\","<!-- utility2-comment\\n\\","    </a>\\n\\","utility2-comment -->\\n\\","</h1>\\n\\","<h3>{{env.npm_package_description}}</h3>\\n\\","<!-- utility2-comment\\n\\","<h4><a download href=\"assets.app.js\">download standalone app</a></h4>\\n\\","<button class=\"onclick onreset\" id=\"testRunButton1\">run internal test</button><br>\\n\\","<div id=\"testReportDiv1\" style=\"display: none;\"></div>\\n\\","utility2-comment -->\\n\\","\\n\\","\\n\\","\\n\\","<label>stderr and stdout</label>\\n\\","<textarea class=\"resettable\" id=\"outputTextareaStdout1\" readonly></textarea>\\n\\","<!-- utility2-comment\\n\\","{{#if isRollup}}\\n\\","<script src=\"assets.app.js\"></script>\\n\\","{{#unless isRollup}}\\n\\","utility2-comment -->\\n\\","<script src=\"assets.utility2.rollup.js\"></script>\\n\\","<script src=\"jsonp.utility2._stateInit?callback=window.utility2._stateInit\"></script>\\n\\","<script src=\"assets.npmtest_homebridge_legacy_plugins.rollup.js\"></script>\\n\\","<script src=\"assets.example.js\"></script>\\n\\","<script src=\"assets.test.js\"></script>\\n\\","<!-- utility2-comment\\n\\","{{/if isRollup}}\\n\\","utility2-comment -->\\n\\","<div class=\"utility2FooterDiv\">\\n\\","    [ this app was created with\\n\\","    <a href=\"https://github.com/kaizhu256/node-utility2\" target=\"_blank\">utility2</a>\\n\\","    ]\\n\\","</div>\\n\\","</body>\\n\\","</html>\\n\\","';","        /* jslint-ignore-end */","        if (local.templateRender) {","            local.assetsDict['/'] = local.templateRender(","                local.assetsDict['/assets.index.template.html'],","                {","                    env: local.objectSetDefault(local.env, {","                        npm_package_description: 'the greatest app in the world!',","                        npm_package_name: 'my-app',","                        npm_package_nameAlias: 'my_app',","                        npm_package_version: '0.0.1'","                    })","                }","            );","        } else {","            local.assetsDict['/'] = local.assetsDict['/assets.index.template.html']","                .replace((/\\{\\{env\\.(\\w+?)\\}\\}/g), function (match0, match1) {","                    // jslint-hack","                    String(match0);","                    switch (match1) {","                    case 'npm_package_description':","                        return 'the greatest app in the world!';","                    case 'npm_package_name':","                        return 'my-app';","                    case 'npm_package_nameAlias':","                        return 'my_app';","                    case 'npm_package_version':","                        return '0.0.1';","                    }","                });","        }","        // run the cli","        if (local.global.utility2_rollup || module !== require.main) {","            break;","        }","        local.assetsDict['/assets.example.js'] =","            local.assetsDict['/assets.example.js'] ||","            local.fs.readFileSync(__filename, 'utf8');","        // bug-workaround - long $npm_package_buildCustomOrg","        /* jslint-ignore-begin */","        local.assetsDict['/assets.npmtest_homebridge_legacy_plugins.rollup.js'] =","            local.assetsDict['/assets.npmtest_homebridge_legacy_plugins.rollup.js'] ||","            local.fs.readFileSync(","                local.npmtest_homebridge_legacy_plugins.__dirname + '/lib.npmtest_homebridge_legacy_plugins.js',","                'utf8'","            ).replace((/^#!/), '//');","        /* jslint-ignore-end */","        local.assetsDict['/favicon.ico'] = local.assetsDict['/favicon.ico'] || '';","        // if $npm_config_timeout_exit exists,","        // then exit this process after $npm_config_timeout_exit ms","        if (Number(process.env.npm_config_timeout_exit)) {","            setTimeout(process.exit, Number(process.env.npm_config_timeout_exit));","        }","        // start server","        if (local.global.utility2_serverHttp1) {","            break;","        }","        process.env.PORT = process.env.PORT || '8081';","        console.error('server starting on port ' + process.env.PORT);","        local.http.createServer(function (request, response) {","            request.urlParsed = local.url.parse(request.url);","            if (local.assetsDict[request.urlParsed.pathname] !== undefined) {","                response.end(local.assetsDict[request.urlParsed.pathname]);","                return;","            }","            response.statusCode = 404;","            response.end();","        }).listen(process.env.PORT);","        break;","    }","}());",""],"l":{"26":2,"28":2,"33":2,"35":2,"37":2,"38":2,"39":2,"44":1,"51":2,"55":2,"59":2,"61":2,"69":1,"70":2,"76":2,"79":2,"82":2,"83":2,"85":1,"89":2,"92":1,"93":1,"94":1,"96":1,"97":1,"100":1,"101":1,"103":1,"106":1,"108":2,"114":1,"116":1,"118":1,"123":1,"124":2,"125":2,"126":3,"127":3,"128":3,"129":3,"130":1,"133":3,"134":3,"139":3,"143":1,"144":3,"145":1,"149":1,"150":1,"158":1,"160":1,"161":1,"162":1,"164":1,"166":1,"258":1,"259":1,"271":1,"274":6,"275":6,"277":1,"279":2,"281":1,"283":2,"288":1,"289":1,"291":1,"296":1,"303":1,"306":1,"307":1,"310":1,"311":1,"313":1,"314":1,"315":1,"316":1,"317":1,"318":1,"319":1,"321":1,"322":1,"324":1}},"/home/travis/build/npmtest/node-npmtest-homebridge-legacy-plugins/node_modules/homebridge-legacy-plugins/index.js":{"path":"/home/travis/build/npmtest/node-npmtest-homebridge-legacy-plugins/node_modules/homebridge-legacy-plugins/index.js","s":{"1":1,"2":1,"3":1,"4":1,"5":0,"6":0,"7":0,"8":0,"9":0,"10":0,"11":0,"12":0,"13":0,"14":0,"15":0,"16":0,"17":0,"18":0,"19":0,"20":0,"21":0},"b":{"1":[0,0],"2":[0,0]},"f":{"1":0,"2":0,"3":0,"4":0,"5":0},"fnMap":{"1":{"name":"(anonymous_1)","line":5,"loc":{"start":{"line":5,"column":17},"end":{"line":5,"column":38}}},"2":{"name":"(anonymous_2)","line":14,"loc":{"start":{"line":14,"column":41},"end":{"line":14,"column":56}}},"3":{"name":"(anonymous_3)","line":17,"loc":{"start":{"line":17,"column":70},"end":{"line":17,"column":95}}},"4":{"name":"(anonymous_4)","line":29,"loc":{"start":{"line":29,"column":39},"end":{"line":29,"column":54}}},"5":{"name":"(anonymous_5)","line":32,"loc":{"start":{"line":32,"column":69},"end":{"line":32,"column":94}}}},"statementMap":{"1":{"start":{"line":1,"column":0},"end":{"line":1,"column":27}},"2":{"start":{"line":2,"column":0},"end":{"line":2,"column":26}},"3":{"start":{"line":3,"column":0},"end":{"line":3,"column":23}},"4":{"start":{"line":5,"column":0},"end":{"line":40,"column":1}},"5":{"start":{"line":9,"column":2},"end":{"line":9,"column":30}},"6":{"start":{"line":12,"column":2},"end":{"line":12,"column":59}},"7":{"start":{"line":14,"column":2},"end":{"line":24,"column":5}},"8":{"start":{"line":15,"column":4},"end":{"line":23,"column":5}},"9":{"start":{"line":16,"column":6},"end":{"line":16,"column":40}},"10":{"start":{"line":17,"column":6},"end":{"line":22,"column":9}},"11":{"start":{"line":18,"column":8},"end":{"line":18,"column":56}},"12":{"start":{"line":20,"column":8},"end":{"line":20,"column":71}},"13":{"start":{"line":21,"column":8},"end":{"line":21,"column":61}},"14":{"start":{"line":27,"column":2},"end":{"line":27,"column":55}},"15":{"start":{"line":29,"column":2},"end":{"line":39,"column":5}},"16":{"start":{"line":30,"column":4},"end":{"line":38,"column":5}},"17":{"start":{"line":31,"column":6},"end":{"line":31,"column":40}},"18":{"start":{"line":32,"column":6},"end":{"line":37,"column":9}},"19":{"start":{"line":33,"column":8},"end":{"line":33,"column":55}},"20":{"start":{"line":35,"column":8},"end":{"line":35,"column":68}},"21":{"start":{"line":36,"column":8},"end":{"line":36,"column":59}}},"branchMap":{"1":{"line":15,"type":"if","locations":[{"start":{"line":15,"column":4},"end":{"line":15,"column":4}},{"start":{"line":15,"column":4},"end":{"line":15,"column":4}}]},"2":{"line":30,"type":"if","locations":[{"start":{"line":30,"column":4},"end":{"line":30,"column":4}},{"start":{"line":30,"column":4},"end":{"line":30,"column":4}}]}},"code":["var path = require('path');","var api = require('./api')","var fs = require('fs');","","module.exports = function(homebridge) {","","  // make the homebridge API object available to accessories and platforms that weren't","  // designed with it in mind","  api.homebridge = homebridge;","","  // load up all legacy accessories","  var accessoriesDir = path.join(__dirname, \"accessories\");","","  fs.readdirSync(accessoriesDir).forEach(function(file) {","    if (file.indexOf(\".js\") > 0) {","      var name = file.replace(\".js\",\"\");","      homebridge.registerAccessory(\"homebridge-legacy-plugins\", name, function(logger, config) {","        console.log(\"Loading legacy accessory \" + name);","        ","        var accessoryModule = require(path.join(accessoriesDir, file));","        return new accessoryModule.accessory(logger, config);","      });","    }","  });","  ","  // load up all legacy platforms","  var platformsDir = path.join(__dirname, \"platforms\");","","  fs.readdirSync(platformsDir).forEach(function(file) {","    if (file.indexOf(\".js\") > 0) {","      var name = file.replace(\".js\",\"\");","      homebridge.registerPlatform(\"homebridge-legacy-plugins\", name, function(logger, config) {","        console.log(\"Loading legacy platform \" + name);","        ","        var platformModule = require(path.join(platformsDir, file));","        return new platformModule.platform(logger, config);","      });","    }","  });","}",""],"l":{"1":1,"2":1,"3":1,"5":1,"9":0,"12":0,"14":0,"15":0,"16":0,"17":0,"18":0,"20":0,"21":0,"27":0,"29":0,"30":0,"31":0,"32":0,"33":0,"35":0,"36":0}},"/home/travis/build/npmtest/node-npmtest-homebridge-legacy-plugins/node_modules/homebridge-legacy-plugins/api.js":{"path":"/home/travis/build/npmtest/node-npmtest-homebridge-legacy-plugins/node_modules/homebridge-legacy-plugins/api.js","s":{"1":1},"b":{},"f":{},"fnMap":{},"statementMap":{"1":{"start":{"line":2,"column":0},"end":{"line":4,"column":1}}},"branchMap":{},"code":["","module.exports = {","  homebridge: null // filled in by index.js, accessed later by accessories+platforms","}"],"l":{"2":1}},"/home/travis/build/npmtest/node-npmtest-homebridge-legacy-plugins/node_modules/homebridge-legacy-plugins/accessories/AD2USB.js":{"path":"/home/travis/build/npmtest/node-npmtest-homebridge-legacy-plugins/node_modules/homebridge-legacy-plugins/accessories/AD2USB.js","s":{"1":2,"2":0,"3":0,"4":1,"5":0,"6":0,"7":0,"8":0,"9":0,"10":0,"11":0,"12":0,"13":0,"14":0,"15":0,"16":0,"17":0,"18":0,"19":0,"20":0,"21":0,"22":0,"23":0,"24":0,"25":0,"26":0,"27":0,"28":0,"29":0,"30":0,"31":0,"32":0,"33":0,"34":0,"35":0,"36":0,"37":0,"38":0,"39":0,"40":0,"41":0,"42":0,"43":0,"44":0,"45":0,"46":0,"47":0,"48":0,"49":0,"50":0,"51":0,"52":0,"53":0,"54":0,"55":0,"56":0,"57":0,"58":0,"59":0,"60":0,"61":0,"62":0,"63":0,"64":0,"65":0,"66":0},"b":{"1":[0,0],"2":[0,0],"3":[0,0],"4":[0,0],"5":[0,0],"6":[0,0],"7":[0,0],"8":[0,0],"9":[0,0],"10":[0,0],"11":[0,0],"12":[0,0],"13":[0,0]},"f":{"1":0,"2":0,"3":0,"4":0,"5":0,"6":0,"7":0,"8":0,"9":0,"10":0,"11":0,"12":0,"13":0},"fnMap":{"1":{"name":"AD2USBAccessory","line":5,"loc":{"start":{"line":5,"column":0},"end":{"line":5,"column":38}}},"2":{"name":"(anonymous_2)","line":18,"loc":{"start":{"line":18,"column":51},"end":{"line":18,"column":62}}},"3":{"name":"(anonymous_3)","line":24,"loc":{"start":{"line":24,"column":26},"end":{"line":24,"column":37}}},"4":{"name":"(anonymous_4)","line":37,"loc":{"start":{"line":37,"column":26},"end":{"line":37,"column":37}}},"5":{"name":"(anonymous_5)","line":50,"loc":{"start":{"line":50,"column":27},"end":{"line":50,"column":38}}},"6":{"name":"(anonymous_6)","line":63,"loc":{"start":{"line":63,"column":25},"end":{"line":63,"column":36}}},"7":{"name":"(anonymous_7)","line":76,"loc":{"start":{"line":76,"column":24},"end":{"line":76,"column":42}}},"8":{"name":"(anonymous_8)","line":93,"loc":{"start":{"line":93,"column":15},"end":{"line":93,"column":40}}},"9":{"name":"(anonymous_9)","line":124,"loc":{"start":{"line":124,"column":15},"end":{"line":124,"column":26}}},"10":{"name":"(anonymous_10)","line":194,"loc":{"start":{"line":194,"column":20},"end":{"line":194,"column":45}}},"11":{"name":"(anonymous_11)","line":209,"loc":{"start":{"line":209,"column":18},"end":{"line":209,"column":34}}},"12":{"name":"(anonymous_12)","line":210,"loc":{"start":{"line":210,"column":20},"end":{"line":210,"column":45}}},"13":{"name":"(anonymous_13)","line":227,"loc":{"start":{"line":227,"column":20},"end":{"line":227,"column":45}}}},"statementMap":{"1":{"start":{"line":1,"column":0},"end":{"line":1,"column":56}},"2":{"start":{"line":2,"column":0},"end":{"line":2,"column":31}},"3":{"start":{"line":3,"column":0},"end":{"line":3,"column":73}},"4":{"start":{"line":5,"column":0},"end":{"line":89,"column":1}},"5":{"start":{"line":7,"column":2},"end":{"line":7,"column":17}},"6":{"start":{"line":8,"column":2},"end":{"line":8,"column":29}},"7":{"start":{"line":9,"column":2},"end":{"line":9,"column":29}},"8":{"start":{"line":10,"column":2},"end":{"line":10,"column":29}},"9":{"start":{"line":11,"column":2},"end":{"line":11,"column":27}},"10":{"start":{"line":12,"column":2},"end":{"line":12,"column":18}},"11":{"start":{"line":13,"column":2},"end":{"line":13,"column":27}},"12":{"start":{"line":14,"column":2},"end":{"line":14,"column":46}},"13":{"start":{"line":15,"column":2},"end":{"line":15,"column":45}},"14":{"start":{"line":16,"column":2},"end":{"line":16,"column":37}},"15":{"start":{"line":18,"column":2},"end":{"line":86,"column":5}},"16":{"start":{"line":21,"column":4},"end":{"line":21,"column":19}},"17":{"start":{"line":24,"column":4},"end":{"line":34,"column":7}},"18":{"start":{"line":26,"column":8},"end":{"line":26,"column":34}},"19":{"start":{"line":27,"column":8},"end":{"line":29,"column":9}},"20":{"start":{"line":28,"column":12},"end":{"line":28,"column":65}},"21":{"start":{"line":30,"column":8},"end":{"line":32,"column":9}},"22":{"start":{"line":31,"column":12},"end":{"line":31,"column":64}},"23":{"start":{"line":37,"column":4},"end":{"line":47,"column":7}},"24":{"start":{"line":39,"column":8},"end":{"line":39,"column":34}},"25":{"start":{"line":40,"column":8},"end":{"line":42,"column":9}},"26":{"start":{"line":41,"column":12},"end":{"line":41,"column":65}},"27":{"start":{"line":43,"column":8},"end":{"line":45,"column":9}},"28":{"start":{"line":44,"column":12},"end":{"line":44,"column":64}},"29":{"start":{"line":50,"column":4},"end":{"line":60,"column":7}},"30":{"start":{"line":52,"column":8},"end":{"line":52,"column":35}},"31":{"start":{"line":53,"column":8},"end":{"line":55,"column":9}},"32":{"start":{"line":54,"column":12},"end":{"line":54,"column":65}},"33":{"start":{"line":56,"column":8},"end":{"line":58,"column":9}},"34":{"start":{"line":57,"column":12},"end":{"line":57,"column":64}},"35":{"start":{"line":63,"column":4},"end":{"line":73,"column":7}},"36":{"start":{"line":65,"column":8},"end":{"line":65,"column":29}},"37":{"start":{"line":66,"column":8},"end":{"line":68,"column":9}},"38":{"start":{"line":67,"column":12},"end":{"line":67,"column":65}},"39":{"start":{"line":69,"column":8},"end":{"line":71,"column":9}},"40":{"start":{"line":70,"column":12},"end":{"line":70,"column":64}},"41":{"start":{"line":76,"column":4},"end":{"line":83,"column":7}},"42":{"start":{"line":78,"column":8},"end":{"line":78,"column":36}},"43":{"start":{"line":79,"column":8},"end":{"line":81,"column":9}},"44":{"start":{"line":80,"column":12},"end":{"line":80,"column":62}},"45":{"start":{"line":87,"column":2},"end":{"line":87,"column":21}},"46":{"start":{"line":91,"column":0},"end":{"line":243,"column":2}},"47":{"start":{"line":95,"column":4},"end":{"line":95,"column":20}},"48":{"start":{"line":96,"column":4},"end":{"line":96,"column":60}},"49":{"start":{"line":103,"column":4},"end":{"line":114,"column":5}},"50":{"start":{"line":104,"column":8},"end":{"line":104,"column":37}},"51":{"start":{"line":106,"column":9},"end":{"line":114,"column":5}},"52":{"start":{"line":107,"column":8},"end":{"line":107,"column":37}},"53":{"start":{"line":109,"column":9},"end":{"line":114,"column":5}},"54":{"start":{"line":110,"column":8},"end":{"line":110,"column":38}},"55":{"start":{"line":112,"column":9},"end":{"line":114,"column":5}},"56":{"start":{"line":113,"column":8},"end":{"line":113,"column":36}},"57":{"start":{"line":125,"column":4},"end":{"line":125,"column":20}},"58":{"start":{"line":126,"column":4},"end":{"line":241,"column":7}},"59":{"start":{"line":196,"column":12},"end":{"line":196,"column":61}},"60":{"start":{"line":197,"column":12},"end":{"line":197,"column":47}},"61":{"start":{"line":209,"column":36},"end":{"line":209,"column":60}},"62":{"start":{"line":212,"column":12},"end":{"line":212,"column":60}},"63":{"start":{"line":213,"column":12},"end":{"line":213,"column":47}},"64":{"start":{"line":229,"column":12},"end":{"line":229,"column":52}},"65":{"start":{"line":230,"column":12},"end":{"line":230,"column":47}},"66":{"start":{"line":245,"column":0},"end":{"line":245,"column":43}}},"branchMap":{"1":{"line":27,"type":"if","locations":[{"start":{"line":27,"column":8},"end":{"line":27,"column":8}},{"start":{"line":27,"column":8},"end":{"line":27,"column":8}}]},"2":{"line":30,"type":"if","locations":[{"start":{"line":30,"column":8},"end":{"line":30,"column":8}},{"start":{"line":30,"column":8},"end":{"line":30,"column":8}}]},"3":{"line":40,"type":"if","locations":[{"start":{"line":40,"column":8},"end":{"line":40,"column":8}},{"start":{"line":40,"column":8},"end":{"line":40,"column":8}}]},"4":{"line":43,"type":"if","locations":[{"start":{"line":43,"column":8},"end":{"line":43,"column":8}},{"start":{"line":43,"column":8},"end":{"line":43,"column":8}}]},"5":{"line":53,"type":"if","locations":[{"start":{"line":53,"column":8},"end":{"line":53,"column":8}},{"start":{"line":53,"column":8},"end":{"line":53,"column":8}}]},"6":{"line":56,"type":"if","locations":[{"start":{"line":56,"column":8},"end":{"line":56,"column":8}},{"start":{"line":56,"column":8},"end":{"line":56,"column":8}}]},"7":{"line":66,"type":"if","locations":[{"start":{"line":66,"column":8},"end":{"line":66,"column":8}},{"start":{"line":66,"column":8},"end":{"line":66,"column":8}}]},"8":{"line":69,"type":"if","locations":[{"start":{"line":69,"column":8},"end":{"line":69,"column":8}},{"start":{"line":69,"column":8},"end":{"line":69,"column":8}}]},"9":{"line":79,"type":"if","locations":[{"start":{"line":79,"column":8},"end":{"line":79,"column":8}},{"start":{"line":79,"column":8},"end":{"line":79,"column":8}}]},"10":{"line":103,"type":"if","locations":[{"start":{"line":103,"column":4},"end":{"line":103,"column":4}},{"start":{"line":103,"column":4},"end":{"line":103,"column":4}}]},"11":{"line":106,"type":"if","locations":[{"start":{"line":106,"column":9},"end":{"line":106,"column":9}},{"start":{"line":106,"column":9},"end":{"line":106,"column":9}}]},"12":{"line":109,"type":"if","locations":[{"start":{"line":109,"column":9},"end":{"line":109,"column":9}},{"start":{"line":109,"column":9},"end":{"line":109,"column":9}}]},"13":{"line":112,"type":"if","locations":[{"start":{"line":112,"column":9},"end":{"line":112,"column":9}},{"start":{"line":112,"column":9},"end":{"line":112,"column":9}}]}},"code":["var types = require(\"../api\").homebridge.hapLegacyTypes;","var AD2USB = require('ad2usb');","var CUSTOM_PANEL_LCD_TEXT_CTYPE = \"A3E7B8F9-216E-42C1-A21C-97D4E3BE52C8\";","","function AD2USBAccessory(log, config) {","","  this.log = log;","  this.name = config[\"name\"];","  this.host = config[\"host\"];","  this.port = config[\"port\"];","  this.pin = config[\"pin\"];","  var that = this;","  this.currentArmState = 2;","  this.currentStateCharacteristic = undefined;","  this.targetStateCharacteristic = undefined;","  this.lcdCharacteristic = undefined;","","  var alarm = AD2USB.connect(this.host, this.port, function() {","","    // Send an initial empty character to get status","    alarm.send('');","","    // Armed Away","    alarm.on('armedAway', function() {","","        that.log(\"Armed to AWAY\");","        if (that.currentStateCharacteristic) {","            that.currentStateCharacteristic.updateValue(0, null);","        }","        if (that.targetStateCharacteristic) {","            that.targetStateCharacteristic.updateValue(1, null);","        }","","    });","","    // Armed Stay","    alarm.on('armedStay', function() {","","        that.log(\"Armed to STAY\");","        if (that.currentStateCharacteristic) {","            that.currentStateCharacteristic.updateValue(0, null);","        }","        if (that.targetStateCharacteristic) {","            that.targetStateCharacteristic.updateValue(0, null);","        }","","    });","","    // Armed Night","    alarm.on('armedNight', function() {","","        that.log(\"Armed to NIGHT\");","        if (that.currentStateCharacteristic) {","            that.currentStateCharacteristic.updateValue(0, null);","        }","        if (that.targetStateCharacteristic) {","            that.targetStateCharacteristic.updateValue(2, null);","        }","","    });","","    // Disarmed","    alarm.on('disarmed', function() {","","        that.log(\"Disarmed\");","        if (that.currentStateCharacteristic) {","            that.currentStateCharacteristic.updateValue(1, null);","        }","        if (that.targetStateCharacteristic) {","            that.targetStateCharacteristic.updateValue(3, null);","        }","","    });","","    // Text Change","    alarm.on('lcdtext', function(newText) {","","        that.log(\"LCD: \" + newText);","        if (that.lcdCharacteristic) {","            that.lcdCharacteristic.updateValue(newText, null);","        }","","    });","","    ","  });","  this.alarm = alarm;","","}","","AD2USBAccessory.prototype = {","","  setArmState: function(targetArmState) {","","    var that = this;","    that.log(\"Desired target arm state: \" + targetArmState);","","    // TARGET","    // 0 - Stay","    // 1 - Away","    // 2 - Night","    // 3 - Disarm","    if (targetArmState == 0) {","        that.alarm.armStay(that.pin);","    }","    else if (targetArmState == 1) {","        that.alarm.armAway(that.pin);","    }","    else if (targetArmState == 2) {","        that.alarm.armNight(that.pin);","    }","    else if (targetArmState == 3) {","        that.alarm.disarm(that.pin);","    }","","","    // CURRENT","    // 0 - Armed","    // 1 - Disarmed","    // 2 - Hold","","  },","","  getServices: function() {","    var that = this;","    return [{","      sType: types.ACCESSORY_INFORMATION_STYPE,","      characteristics: [{","        cType: types.NAME_CTYPE,","        onUpdate: null,","        perms: [\"pr\"],","        format: \"string\",","        initialValue: this.name,","        supportEvents: false,","        supportBonjour: false,","        manfDescription: \"Name of the accessory\",","        designedMaxLength: 255","      },{","        cType: types.MANUFACTURER_CTYPE,","        onUpdate: null,","        perms: [\"pr\"],","        format: \"string\",","        initialValue: \"Nutech\",","        supportEvents: false,","        supportBonjour: false,","        manfDescription: \"Manufacturer\",","        designedMaxLength: 255","      },{","        cType: types.MODEL_CTYPE,","        onUpdate: null,","        perms: [\"pr\"],","        format: \"string\",","        initialValue: \"AD2USB\",","        supportEvents: false,","        supportBonjour: false,","        manfDescription: \"Model\",","        designedMaxLength: 255","      },{","        cType: types.SERIAL_NUMBER_CTYPE,","        onUpdate: null,","        perms: [\"pr\"],","        format: \"string\",","        initialValue: \"AD2USBIF\",","        supportEvents: false,","        supportBonjour: false,","        manfDescription: \"SN\",","        designedMaxLength: 255","      },{","        cType: types.IDENTIFY_CTYPE,","        onUpdate: null,","        perms: [\"pw\"],","        format: \"bool\",","        initialValue: false,","        supportEvents: false,","        supportBonjour: false,","        manfDescription: \"Identify Accessory\",","        designedMaxLength: 1","      }]","    },{","      sType: types.ALARM_STYPE,","      characteristics: [{","        cType: types.NAME_CTYPE,","        onUpdate: null,","        perms: [\"pr\"],","        format: \"string\",","        initialValue: this.name,","        supportEvents: false,","        supportBonjour: false,","        manfDescription: \"Name of service\",","        designedMaxLength: 255","      },{","        cType: types.ALARM_CURRENT_STATE_CTYPE,","        onUpdate: null,","        onRegister: function(characteristic) { ","","            that.currentStateCharacteristic = characteristic;","            characteristic.eventEnabled = true;","","             },","        perms: [\"pr\",\"ev\"],","        format: \"int\",","        initialValue: 2,","        supportEvents: true,","        supportBonjour: false,","        manfDescription: \"Alarm current arm state\",","        designedMaxLength: 1","      },{","        cType: types.ALARM_TARGET_STATE_CTYPE,","        onUpdate: function(value) { that.setArmState(value); },","        onRegister: function(characteristic) { ","","            that.targetStateCharacteristic = characteristic;","            characteristic.eventEnabled = true;","","             },","        perms: [\"pw\",\"pr\",\"ev\"],","        format: \"int\",","        initialValue: 1,","        supportEvents: true,","        supportBonjour: false,","        manfDescription: \"Alarm target arm state\",","        designedMaxLength: 1","      },","      {","        cType: CUSTOM_PANEL_LCD_TEXT_CTYPE,","        onUpdate: null,","        onRegister: function(characteristic) { ","","            that.lcdCharacteristic = characteristic;","            characteristic.eventEnabled = true;","","             },","        perms: [\"pr\",\"ev\"],","        format: \"string\",","        initialValue: \"Unknown\",","        supportEvents: false,","        supportBonjour: false,","        manfDescription: \"Keypad Text\",","        designedMaxLength: 64","      }]","    }];","  }","};","","module.exports.accessory = AD2USBAccessory;",""],"l":{"1":2,"2":0,"3":0,"5":1,"7":0,"8":0,"9":0,"10":0,"11":0,"12":0,"13":0,"14":0,"15":0,"16":0,"18":0,"21":0,"24":0,"26":0,"27":0,"28":0,"30":0,"31":0,"37":0,"39":0,"40":0,"41":0,"43":0,"44":0,"50":0,"52":0,"53":0,"54":0,"56":0,"57":0,"63":0,"65":0,"66":0,"67":0,"69":0,"70":0,"76":0,"78":0,"79":0,"80":0,"87":0,"91":0,"95":0,"96":0,"103":0,"104":0,"106":0,"107":0,"109":0,"110":0,"112":0,"113":0,"125":0,"126":0,"196":0,"197":0,"209":0,"212":0,"213":0,"229":0,"230":0,"245":0}},"/home/travis/build/npmtest/node-npmtest-homebridge-legacy-plugins/node_modules/homebridge-legacy-plugins/accessories/Carwings.js":{"path":"/home/travis/build/npmtest/node-npmtest-homebridge-legacy-plugins/node_modules/homebridge-legacy-plugins/accessories/Carwings.js","s":{"1":2,"2":0,"3":1,"4":0,"5":0,"6":0,"7":0,"8":0,"9":0,"10":0,"11":0,"12":0,"13":0,"14":0,"15":0,"16":0,"17":0,"18":0,"19":0,"20":0,"21":0,"22":0,"23":0,"24":0,"25":0,"26":0,"27":0},"b":{"1":[0,0],"2":[0,0],"3":[0,0],"4":[0,0]},"f":{"1":0,"2":0,"3":0,"4":0,"5":0,"6":0,"7":0},"fnMap":{"1":{"name":"CarwingsAccessory","line":4,"loc":{"start":{"line":4,"column":0},"end":{"line":4,"column":40}}},"2":{"name":"(anonymous_2)","line":13,"loc":{"start":{"line":13,"column":17},"end":{"line":13,"column":35}}},"3":{"name":"(anonymous_3)","line":16,"loc":{"start":{"line":16,"column":49},"end":{"line":16,"column":71}}},"4":{"name":"(anonymous_4)","line":22,"loc":{"start":{"line":22,"column":55},"end":{"line":22,"column":77}}},"5":{"name":"(anonymous_5)","line":30,"loc":{"start":{"line":30,"column":48},"end":{"line":30,"column":70}}},"6":{"name":"(anonymous_6)","line":44,"loc":{"start":{"line":44,"column":15},"end":{"line":44,"column":26}}},"7":{"name":"(anonymous_7)","line":113,"loc":{"start":{"line":113,"column":18},"end":{"line":113,"column":34}}}},"statementMap":{"1":{"start":{"line":1,"column":0},"end":{"line":1,"column":56}},"2":{"start":{"line":2,"column":0},"end":{"line":2,"column":37}},"3":{"start":{"line":4,"column":0},"end":{"line":9,"column":1}},"4":{"start":{"line":5,"column":2},"end":{"line":5,"column":17}},"5":{"start":{"line":6,"column":2},"end":{"line":6,"column":29}},"6":{"start":{"line":7,"column":2},"end":{"line":7,"column":37}},"7":{"start":{"line":8,"column":2},"end":{"line":8,"column":37}},"8":{"start":{"line":11,"column":0},"end":{"line":124,"column":2}},"9":{"start":{"line":14,"column":4},"end":{"line":14,"column":20}},"10":{"start":{"line":16,"column":4},"end":{"line":41,"column":7}},"11":{"start":{"line":17,"column":6},"end":{"line":40,"column":7}},"12":{"start":{"line":18,"column":8},"end":{"line":18,"column":30}},"13":{"start":{"line":19,"column":8},"end":{"line":19,"column":41}},"14":{"start":{"line":21,"column":8},"end":{"line":36,"column":9}},"15":{"start":{"line":22,"column":10},"end":{"line":27,"column":13}},"16":{"start":{"line":23,"column":12},"end":{"line":26,"column":65}},"17":{"start":{"line":24,"column":14},"end":{"line":24,"column":51}},"18":{"start":{"line":26,"column":14},"end":{"line":26,"column":65}},"19":{"start":{"line":30,"column":10},"end":{"line":35,"column":13}},"20":{"start":{"line":31,"column":12},"end":{"line":34,"column":65}},"21":{"start":{"line":32,"column":14},"end":{"line":32,"column":51}},"22":{"start":{"line":34,"column":14},"end":{"line":34,"column":65}},"23":{"start":{"line":39,"column":8},"end":{"line":39,"column":45}},"24":{"start":{"line":45,"column":4},"end":{"line":45,"column":20}},"25":{"start":{"line":46,"column":4},"end":{"line":122,"column":7}},"26":{"start":{"line":113,"column":36},"end":{"line":113,"column":62}},"27":{"start":{"line":126,"column":0},"end":{"line":126,"column":45}}},"branchMap":{"1":{"line":17,"type":"if","locations":[{"start":{"line":17,"column":6},"end":{"line":17,"column":6}},{"start":{"line":17,"column":6},"end":{"line":17,"column":6}}]},"2":{"line":21,"type":"if","locations":[{"start":{"line":21,"column":8},"end":{"line":21,"column":8}},{"start":{"line":21,"column":8},"end":{"line":21,"column":8}}]},"3":{"line":23,"type":"if","locations":[{"start":{"line":23,"column":12},"end":{"line":23,"column":12}},{"start":{"line":23,"column":12},"end":{"line":23,"column":12}}]},"4":{"line":31,"type":"if","locations":[{"start":{"line":31,"column":12},"end":{"line":31,"column":12}},{"start":{"line":31,"column":12},"end":{"line":31,"column":12}}]}},"code":["var types = require(\"../api\").homebridge.hapLegacyTypes;","var carwings = require(\"carwingsjs\");","","function CarwingsAccessory(log, config) {","  this.log = log;","  this.name = config[\"name\"];","  this.username = config[\"username\"];","  this.password = config[\"password\"];","}","","CarwingsAccessory.prototype = {","","  setPowerState: function(powerOn) {","    var that = this;","","    carwings.login(this.username, this.password, function(err, result) {","      if (!err) {","        that.vin = result.vin;","        that.log(\"Got VIN: \" + that.vin);","","        if (powerOn) {","          carwings.startClimateControl(that.vin, null, function(err, result) {","            if (!err)","              that.log(\"Started climate control.\");","            else","              that.log(\"Error starting climate control: \" + err);","          });","        }","        else {","          carwings.stopClimateControl(that.vin, function(err, result) {","            if (!err)","              that.log(\"Stopped climate control.\");","            else","              that.log(\"Error stopping climate control: \" + err);","          });","        }","      }","      else {","        that.log(\"Error logging in: \" + err);","      }","    });","  },","","  getServices: function() {","    var that = this;","    return [{","      sType: types.ACCESSORY_INFORMATION_STYPE,","      characteristics: [{","        cType: types.NAME_CTYPE,","        onUpdate: null,","        perms: [\"pr\"],","        format: \"string\",","        initialValue: this.name,","        supportEvents: false,","        supportBonjour: false,","        manfDescription: \"Name of the accessory\",","        designedMaxLength: 255","      },{","        cType: types.MANUFACTURER_CTYPE,","        onUpdate: null,","        perms: [\"pr\"],","        format: \"string\",","        initialValue: \"Nissan\",","        supportEvents: false,","        supportBonjour: false,","        manfDescription: \"Manufacturer\",","        designedMaxLength: 255","      },{","        cType: types.MODEL_CTYPE,","        onUpdate: null,","        perms: [\"pr\"],","        format: \"string\",","        initialValue: \"Rev-1\",","        supportEvents: false,","        supportBonjour: false,","        manfDescription: \"Model\",","        designedMaxLength: 255","      },{","        cType: types.SERIAL_NUMBER_CTYPE,","        onUpdate: null,","        perms: [\"pr\"],","        format: \"string\",","        initialValue: \"A1S2NASF88EW\",","        supportEvents: false,","        supportBonjour: false,","        manfDescription: \"SN\",","        designedMaxLength: 255","      },{","        cType: types.IDENTIFY_CTYPE,","        onUpdate: null,","        perms: [\"pw\"],","        format: \"bool\",","        initialValue: false,","        supportEvents: false,","        supportBonjour: false,","        manfDescription: \"Identify Accessory\",","        designedMaxLength: 1","      }]","    },{","      sType: types.SWITCH_STYPE,","      characteristics: [{","        cType: types.NAME_CTYPE,","        onUpdate: null,","        perms: [\"pr\"],","        format: \"string\",","        initialValue: this.name,","        supportEvents: false,","        supportBonjour: false,","        manfDescription: \"Name of service\",","        designedMaxLength: 255","      },{","        cType: types.POWER_STATE_CTYPE,","        onUpdate: function(value) { that.setPowerState(value); },","        perms: [\"pw\",\"pr\",\"ev\"],","        format: \"bool\",","        initialValue: false,","        supportEvents: false,","        supportBonjour: false,","        manfDescription: \"Change the power state of the car\",","        designedMaxLength: 1","      }]","    }];","  }","};","","module.exports.accessory = CarwingsAccessory;",""],"l":{"1":2,"2":0,"4":1,"5":0,"6":0,"7":0,"8":0,"11":0,"14":0,"16":0,"17":0,"18":0,"19":0,"21":0,"22":0,"23":0,"24":0,"26":0,"30":0,"31":0,"32":0,"34":0,"39":0,"45":0,"46":0,"113":0,"126":0}},"/home/travis/build/npmtest/node-npmtest-homebridge-legacy-plugins/node_modules/homebridge-legacy-plugins/accessories/ELKM1.js":{"path":"/home/travis/build/npmtest/node-npmtest-homebridge-legacy-plugins/node_modules/homebridge-legacy-plugins/accessories/ELKM1.js","s":{"1":2,"2":0,"3":1,"4":0,"5":0,"6":0,"7":0,"8":0,"9":
[...]
 + cx.displayName + \"\\\"...\");","                this.getVDev(vdev).then(function(result){","                    debug(\"Got value: \" + cx.zway_getValueFromVDev(result.data) + \", for \" + vdev.metrics.title + \".\");","                    callback(false, cx.zway_getValueFromVDev(result.data));","                });","            }.bind(this));","        }","        ","        if(cx instanceof Characteristic.StatusLowBattery){","            cx.zway_getValueFromVDev = function(vdev){","                return vdev.metrics.level <= accessory.platform.batteryLow ? Characteristic.StatusLowBattery.BATTERY_LEVEL_LOW : Characteristic.StatusLowBattery.BATTERY_LEVEL_NORMAL;","            };","            cx.value = cx.zway_getValueFromVDev(vdev);","            cx.on('get', function(callback, context){","                debug(\"Getting value for \" + vdev.metrics.title + \", characteristic \\\"\" + cx.displayName + \"\\\"...\");","                this.getVDev(vdev).then(function(result){","                    debug(\"Got value: \" + cx.zway_getValueFromVDev(result.data) + \", for \" + vdev.metrics.title + \".\");","                    callback(false, cx.zway_getValueFromVDev(result.data));","                });","            }.bind(this));","        }","        ","        if(cx instanceof Characteristic.ChargingState){","            //TODO: No known chargeable devices(?), so always return false.","            cx.zway_getValueFromVDev = function(vdev){","                return Characteristic.ChargingState.NOT_CHARGING;","            };","            cx.value = cx.zway_getValueFromVDev(vdev);","            cx.on('get', function(callback, context){","                debug(\"Getting value for \" + vdev.metrics.title + \", characteristic \\\"\" + cx.displayName + \"\\\"...\");","                callback(false, Characteristic.ChargingState.NOT_CHARGING);","            });","        }","     ","        if(cx instanceof Characteristic.CurrentAmbientLightLevel){","            cx.zway_getValueFromVDev = function(vdev){","                if(vdev.metrics.scaleTitle === \"%\"){","                    // Completely unscientific guess, based on test-fit data and Wikipedia real-world lux values.","                    // This will probably change!","                    var lux = 0.0005 * (vdev.metrics.level^3.6);","                    // Bounds checking now done upstream!","                    //if(lux < cx.minimumValue) return cx.minimumValue; if(lux > cx.maximumValue) return cx.maximumValue;","                    return lux;","                } else {","                    return vdev.metrics.level;","                }","            };","            cx.value = cx.zway_getValueFromVDev(vdev);","            cx.on('get', function(callback, context){","                debug(\"Getting value for \" + vdev.metrics.title + \", characteristic \\\"\" + cx.displayName + \"\\\"...\");","                this.getVDev(vdev).then(function(result){","                    debug(\"Got value: \" + cx.zway_getValueFromVDev(result.data) + \", for \" + vdev.metrics.title + \".\");","                    callback(false, cx.zway_getValueFromVDev(result.data));","                });","            }.bind(this));","            cx.on('change', function(ev){","                debug(\"Device \" + vdev.metrics.title + \", characteristic \" + cx.displayName + \" changed from \" + ev.oldValue + \" to \" + ev.newValue);","            });","            return cx;","        }","        ","        if(cx instanceof Characteristic.MotionDetected){","            cx.zway_getValueFromVDev = function(vdev){","                return vdev.metrics.level === \"off\" ? false : true;","            };","            cx.value = cx.zway_getValueFromVDev(vdev);","            cx.on('get', function(callback, context){","                debug(\"Getting value for \" + vdev.metrics.title + \", characteristic \\\"\" + cx.displayName + \"\\\"...\");","                this.getVDev(vdev).then(function(result){","                    debug(\"Got value: \" + cx.zway_getValueFromVDev(result.data) + \", for \" + vdev.metrics.title + \".\");","                    callback(false, cx.zway_getValueFromVDev(result.data));","                });","            }.bind(this));","            cx.on('change', function(ev){","                debug(\"Device \" + vdev.metrics.title + \", characteristic \" + cx.displayName + \" changed from \" + ev.oldValue + \" to \" + ev.newValue);","            });","            return cx;","        }","","        if(cx instanceof Characteristic.StatusTampered){","            cx.zway_getValueFromVDev = function(vdev){","                return vdev.metrics.level === \"off\" ? Characteristic.StatusTampered.NOT_TAMPERED : Characteristic.StatusTampered.TAMPERED;","            };","            cx.value = cx.zway_getValueFromVDev(vdev);","            cx.on('get', function(callback, context){","                debug(\"Getting value for \" + vdev.metrics.title + \", characteristic \\\"\" + cx.displayName + \"\\\"...\");","                this.getVDev(vdev).then(function(result){","                    debug(\"Got value: \" + cx.zway_getValueFromVDev(result.data) + \", for \" + vdev.metrics.title + \".\");","                    callback(false, cx.zway_getValueFromVDev(result.data));","                });","            }.bind(this));","            cx.on('change', function(ev){","                debug(\"Device \" + vdev.metrics.title + \", characteristic \" + cx.displayName + \" changed from \" + ev.oldValue + \" to \" + ev.newValue);","            });","            return cx;","        }","","        if(cx instanceof Characteristic.ContactSensorState){","            cx.zway_getValueFromVDev = function(vdev){","                var boolval = vdev.metrics.level === \"off\" ? false : true;","                boolval = accessory.platform.getTagValue(vdev, \"ContactSensorState.Invert\") ? !boolval : boolval;","                return boolval ? Characteristic.ContactSensorState.CONTACT_NOT_DETECTED : Characteristic.ContactSensorState.CONTACT_DETECTED;","            };","            cx.value = cx.zway_getValueFromVDev(vdev);","            cx.on('get', function(callback, context){","                debug(\"Getting value for \" + vdev.metrics.title + \", characteristic \\\"\" + cx.displayName + \"\\\"...\");","                this.getVDev(vdev).then(function(result){","                    debug(\"Got value: \" + cx.zway_getValueFromVDev(result.data) + \", for \" + vdev.metrics.title + \".\");","                    callback(false, cx.zway_getValueFromVDev(result.data));","                });","            }.bind(this));","            cx.on('change', function(ev){","                debug(\"Device \" + vdev.metrics.title + \", characteristic \" + cx.displayName + \" changed from \" + ev.oldValue + \" to \" + ev.newValue);","            });","            return cx;","        }","","        if(cx instanceof Characteristic.CurrentPosition){","            cx.zway_getValueFromVDev = function(vdev){","                return vdev.metrics.level === \"off\" ? 0 : 100 ;","            };","            cx.value = cx.zway_getValueFromVDev(vdev);","            cx.on('get', function(callback, context){","                debug(\"Getting value for \" + vdev.metrics.title + \", characteristic \\\"\" + cx.displayName + \"\\\"...\");","                this.getVDev(vdev).then(function(result){","                    debug(\"Got value: \" + cx.zway_getValueFromVDev(result.data) + \", for \" + vdev.metrics.title + \".\");","                    callback(false, cx.zway_getValueFromVDev(result.data));","                });","            }.bind(this));","            cx.on('change', function(ev){","                debug(\"Device \" + vdev.metrics.title + \", characteristic \" + cx.displayName + \" changed from \" + ev.oldValue + \" to \" + ev.newValue);","            });","            return cx;","        }","","        if(cx instanceof Characteristic.TargetPosition){","            //TODO: Currently only Door sensors, so always return 0.","            cx.zway_getValueFromVDev = function(vdev){","                return 0;","            };","            cx.value = cx.zway_getValueFromVDev(vdev);","            cx.on('get', function(callback, context){","                debug(\"Getting value for \" + vdev.metrics.title + \", characteristic \\\"\" + cx.displayName + \"\\\"...\");","                callback(false, cx.zway_getValueFromVDev(vdev));","            });","        }","","        if(cx instanceof Characteristic.PositionState){","            //TODO: Currently only Door sensors, so always return STOPPED.","            cx.zway_getValueFromVDev = function(vdev){","                return Characteristic.PositionState.STOPPED;","            };","            cx.value = cx.zway_getValueFromVDev(vdev);","            cx.on('get', function(callback, context){","                debug(\"Getting value for \" + vdev.metrics.title + \", characteristic \\\"\" + cx.displayName + \"\\\"...\");","                callback(false, cx.zway_getValueFromVDev(vdev));","            });","        }","     ","    }","    ,","    configureService: function(service, vdev){","        var success = true;","        for(var i = 0; i < service.characteristics.length; i++){","            var cx = service.characteristics[i];","            var vdev = this.getVDevForCharacteristic(cx, vdev);","            if(!vdev){","                success = false;","                debug(\"ERROR! Failed to configure required characteristic \\\"\" + service.characteristics[i].displayName + \"\\\"!\");","            }","            cx = this.configureCharacteristic(cx, vdev, service);","        }","        for(var i = 0; i < service.optionalCharacteristics.length; i++){","            var cx = service.optionalCharacteristics[i];","            var vdev = this.getVDevForCharacteristic(cx, vdev);","            if(!vdev) continue;","","            //NOTE: Questionable logic, but if the vdev has already been used for the same ","            // characteristic type elsewhere, lets not duplicate it just for the sake of an ","            // optional characteristic. This eliminates the problem with RGB+W+W bulbs ","            // having the HSV controls shown again, but might have unintended consequences...","            var othercx, othercxs = this.platform.cxVDevMap[vdev.id];","            if(othercxs) for(var j = 0; j < othercxs.length; j++) if(othercxs[j].UUID === cx.UUID) othercx = othercxs[j];","            if(othercx)","                continue;","","            cx = this.configureCharacteristic(cx, vdev, service);","            try {","                if(cx) service.addCharacteristic(cx);","            }","            catch (ex) {","                debug('Adding Characteristic \"' + cx.displayName + '\" failed with message \"' + ex.message + '\". This may be expected.');","            }","        }","        return success;","    }","    ,","    getServices: function() {","        var that = this;","        ","        var vdevPrimary = this.devDesc.devices[this.devDesc.primary];","        var accId = this.platform.getTagValue(vdevPrimary, \"Accessory.Id\");","        if(!accId){","            accId = \"VDev-\" + vdevPrimary.h; //FIXME: Is this valid?","        }","        ","        var informationService = new Service.AccessoryInformation();","    ","        informationService","                .setCharacteristic(Characteristic.Name, this.name)","                .setCharacteristic(Characteristic.Manufacturer, \"Z-Wave.me\")","                .setCharacteristic(Characteristic.Model, \"Virtual Device (VDev version 1)\")","                .setCharacteristic(Characteristic.SerialNumber, accId);","","        var services = [informationService];","    ","        services = services.concat(this.getVDevServices(vdevPrimary));","        ","        // Any extra switchMultilevels? Could be a RGBW+W bulb, add them as additional services...","        if(this.devDesc.extras[\"switchMultilevel\"]) for(var i = 0; i < this.devDesc.extras[\"switchMultilevel\"].length; i++){","            var xvdev = this.devDesc.devices[this.devDesc.extras[\"switchMultilevel\"][i]];","            var xservice = this.getVDevServices(xvdev);","            services = services.concat(xservice);","        }","","        if(this.platform.splitServices){","            if(this.devDesc.types[\"battery.Battery\"]){","                services = services.concat(this.getVDevServices(this.devDesc.devices[this.devDesc.types[\"battery.Battery\"]]));","            }","","            // Odds and ends...if there are sensors that haven't been used, add services for them...","","            var tempSensor = this.devDesc.types[\"sensorMultilevel.Temperature\"] !== undefined ? this.devDesc.devices[this.devDesc.types[\"sensorMultilevel.Temperature\"]] : false;","            if(tempSensor && !this.platform.cxVDevMap[tempSensor.id]){","                services = services.concat(this.getVDevServices(tempSensor));","            }","","            var lightSensor = this.devDesc.types[\"sensorMultilevel.Luminiscence\"] !== undefined ? this.devDesc.devices[this.devDesc.types[\"sensorMultilevel.Luminiscence\"]] : false;","            if(lightSensor && !this.platform.cxVDevMap[lightSensor.id]){","                services = services.concat(this.getVDevServices(lightSensor));","            }","        } else {","            // Everything outside the primary service gets added as optional characteristics...","            var service = services[1];","            var existingCxUUIDs = {};","            for(var i = 0; i < service.characteristics.length; i++) existingCxUUIDs[service.characteristics[i].UUID] = true;","            ","            for(var i = 0; i < this.devDesc.devices.length; i++){","                var vdev = this.devDesc.devices[i];","                if(this.platform.cxVDevMap[vdev.id]) continue; // Don't double-use anything","                var extraCxClasses = this.extraCharacteristicsMap[ZWayServerPlatform.getVDevTypeKey(vdev)];","                var extraCxs = [];","                if(!extraCxClasses || extraCxClasses.length === 0) continue;","                for(var j = 0; j < extraCxClasses.length; j++){","                    var cx = new extraCxClasses[j]();","                    if(existingCxUUIDs[cx.UUID]) continue; // Don't have two of the same Characteristic type in one service!","                    var vdev2 = this.getVDevForCharacteristic(cx, vdev); // Just in case...will probably return vdev.","                    if(!vdev2){","                        // Uh oh... one of the extraCxClasses can't be configured! Abort all extras for this vdev!","                        extraCxs = []; // to wipe out any already setup cxs.","                        break;","                    }","                    this.configureCharacteristic(cx, vdev2, service);","                    extraCxs.push(cx);","                }","                for(var j = 0; j < extraCxs.length; j++)","                    service.addCharacteristic(extraCxs[j]);","            }","        }","        ","        debug(\"Loaded services for \" + this.name);","        return services;","    }","};","","module.exports.accessory = ZWayServerAccessory;","module.exports.platform = ZWayServerPlatform;",""],"l":{"1":2,"2":2,"3":0,"4":0,"5":0,"6":0,"7":0,"9":1,"10":0,"11":0,"12":0,"13":0,"14":0,"15":0,"16":0,"17":0,"18":0,"19":0,"20":0,"21":0,"22":0,"23":0,"26":0,"27":0,"30":0,"33":0,"34":0,"36":0,"37":0,"38":0,"42":0,"43":0,"44":0,"45":0,"62":0,"63":0,"64":0,"65":0,"66":0,"67":0,"68":0,"70":0,"74":0,"77":0,"78":0,"80":0,"83":0,"87":0,"88":0,"89":0,"90":0,"91":0,"92":0,"93":0,"94":0,"97":0,"101":0,"105":0,"113":0,"114":0,"116":0,"120":0,"122":0,"123":0,"124":0,"125":0,"126":0,"127":0,"129":0,"130":0,"131":0,"134":0,"136":0,"137":0,"139":0,"142":0,"144":0,"145":0,"146":0,"147":0,"149":0,"153":0,"154":0,"156":0,"157":0,"159":0,"162":0,"163":0,"164":0,"165":0,"169":0,"170":0,"173":0,"174":0,"175":0,"176":0,"179":0,"180":0,"181":0,"182":0,"183":0,"185":0,"186":0,"187":0,"188":0,"189":0,"191":0,"192":0,"196":0,"197":0,"199":0,"202":0,"205":0,"214":0,"219":0,"220":0,"221":0,"222":0,"223":0,"224":0,"225":0,"226":0,"227":0,"228":0,"229":0,"230":0,"231":0,"233":0,"234":0,"235":0,"236":0,"237":0,"238":0,"239":0,"240":0,"241":0,"242":0,"243":0,"251":0,"257":1,"259":0,"260":0,"261":0,"262":0,"266":0,"269":0,"276":0,"285":0,"286":0,"288":0,"289":0,"291":0,"293":0,"296":0,"297":0,"298":0,"299":0,"300":0,"301":0,"306":0,"307":0,"308":0,"310":0,"311":0,"312":0,"315":0,"316":0,"317":0,"318":0,"319":0,"320":0,"321":0,"323":0,"325":0,"327":0,"329":0,"331":0,"334":0,"337":0,"341":0,"342":0,"343":0,"345":0,"346":0,"348":0,"349":0,"352":0,"353":0,"355":0,"357":0,"359":0,"360":0,"361":0,"362":0,"363":0,"364":0,"365":0,"367":0,"369":0,"371":0,"372":0,"374":0,"375":0,"377":0,"378":0,"380":0,"381":0,"382":0,"384":0,"388":0,"389":0,"390":0,"391":0,"394":0,"408":0,"409":0,"412":0,"413":0,"414":0,"415":0,"416":0,"417":0,"418":0,"419":0,"420":0,"421":0,"422":0,"423":0,"424":0,"425":0,"426":0,"427":0,"428":0,"429":0,"430":0,"431":0,"432":0,"433":0,"434":0,"437":0,"440":0,"443":0,"444":0,"446":0,"447":0,"450":0,"451":0,"452":0,"453":0,"457":0,"461":0,"464":0,"465":0,"466":0,"468":0,"469":0,"470":0,"472":0,"473":0,"474":0,"475":0,"477":0,"481":0,"482":0,"483":0,"486":0,"487":0,"488":0,"489":0,"490":0,"491":0,"492":0,"493":0,"494":0,"496":0,"498":0,"499":0,"500":0,"501":0,"502":0,"503":0,"506":0,"507":0,"508":0,"511":0,"512":0,"514":0,"517":0,"518":0,"519":0,"521":0,"522":0,"523":0,"524":0,"525":0,"526":0,"529":0,"530":0,"531":0,"534":0,"537":0,"538":0,"539":0,"540":0,"542":0,"543":0,"544":0,"545":0,"546":0,"547":0,"550":0,"551":0,"552":0,"553":0,"554":0,"555":0,"557":0,"558":0,"559":0,"563":0,"566":0,"567":0,"568":0,"569":0,"571":0,"572":0,"573":0,"574":0,"575":0,"576":0,"579":0,"580":0,"581":0,"582":0,"583":0,"584":0,"586":0,"587":0,"588":0,"592":0,"595":0,"596":0,"597":0,"599":0,"600":0,"601":0,"602":0,"603":0,"604":0,"607":0,"611":0,"614":0,"615":0,"616":0,"618":0,"619":0,"620":0,"621":0,"622":0,"623":0,"626":0,"627":0,"629":0,"632":0,"636":0,"639":0,"641":0,"642":0,"644":0,"645":0,"646":0,"647":0,"649":0,"652":0,"655":0,"657":0,"658":0,"660":0,"661":0,"662":0,"663":0,"665":0,"668":0,"670":0,"671":0,"673":0,"674":0,"675":0,"676":0,"679":0,"680":0,"681":0,"683":0,"686":0,"687":0,"688":0,"690":0,"691":0,"692":0,"693":0,"694":0,"695":0,"698":0,"699":0,"703":0,"705":0,"706":0,"708":0,"709":0,"710":0,"711":0,"713":0,"718":0,"720":0,"721":0,"723":0,"724":0,"725":0,"726":0,"730":0,"731":0,"732":0,"734":0,"735":0,"736":0,"737":0,"738":0,"739":0,"744":0,"745":0,"746":0,"748":0,"749":0,"750":0,"751":0,"752":0,"753":0,"758":0,"760":0,"761":0,"763":0,"764":0,"765":0,"766":0,"770":0,"771":0,"772":0,"775":0,"778":0,"780":0,"783":0,"784":0,"785":0,"786":0,"787":0,"788":0,"791":0,"792":0,"794":0,"797":0,"798":0,"799":0,"801":0,"802":0,"803":0,"804":0,"805":0,"806":0,"809":0,"810":0,"812":0,"815":0,"816":0,"817":0,"819":0,"820":0,"821":0,"822":0,"823":0,"824":0,"827":0,"828":0,"830":0,"833":0,"834":0,"835":0,"836":0,"837":0,"839":0,"840":0,"841":0,"842":0,"843":0,"844":0,"847":0,"848":0,"850":0,"853":0,"854":0,"855":0,"857":0,"858":0,"859":0,"860":0,"861":0,"862":0,"865":0,"866":0,"868":0,"871":0,"873":0,"874":0,"876":0,"877":0,"878":0,"879":0,"883":0,"885":0,"886":0,"888":0,"889":0,"890":0,"891":0,"898":0,"899":0,"900":0,"901":0,"902":0,"903":0,"904":0,"906":0,"908":0,"909":0,"910":0,"911":0,"917":0,"918":0,"919":0,"920":0,"922":0,"923":0,"924":0,"927":0,"930":0,"934":0,"936":0,"937":0,"938":0,"939":0,"942":0,"944":0,"950":0,"952":0,"955":0,"956":0,"957":0,"958":0,"961":0,"962":0,"963":0,"968":0,"969":0,"970":0,"973":0,"974":0,"975":0,"979":0,"980":0,"981":0,"983":0,"984":0,"985":0,"986":0,"987":0,"988":0,"989":0,"990":0,"991":0,"992":0,"993":0,"995":0,"996":0,"998":0,"999":0,"1001":0,"1002":0,"1006":0,"1007":0,"1011":0,"1012":0}}}